1.0,-0.205126429134682,-0.8558075171853191,-0.10200514106639143,-0.6999613033604271,1.131199797931471
0.0,0.5552854188278508,0.4618954037071702,-0.13476763201547795,0.4156742582633965,-0.914712279892738
1.0,0.8997151869415874,-0.08058766336309538,0.11529187012015026,1.6632794286710415,0.46285598468442973
1.0,1.7645654184719906,0.709233109351944,-1.0241778061812332,0.21938917330170185,-0.4272721604478492
0.0,0.2875079366953445,-0.6120787492166813,-0.06136690339703477,-0.5413789725211948,0.27038059198074293
0.0,0.4042202256964709,0.7202542778762128,0.4394107889574105,0.9316256287962768,-1.3649326202073158
1.0,2.1412173283427673,0.33997538974176816,-0.6812777145527414,0.22290944646209754,-0.723894463291055
1.0,0.43525817928252786,0.741786769490621,1.5535217335085831,-0.42075438519383335,-0.28486945592253704
2.0,0.8388013190061505,-0.27758834010843986,1.9055107511849763,-1.4597418773869728,0.2034033279715297
0.0,0.8928650545346599,-1.127094067336288,0.29680208711218536,0.8227306066409984,-0.753276121378441
0.0,1.1155000205992465,0.22157020001331434,0.7744529578023234,0.44605326245654736,-0.5212067204762896
2.0,-0.2786984219077551,-0.06209289142260454,-1.3478140358496737,-0.4938848360413226,0.45149048137972403
0.0,0.7810940319242725,-1.3231226227559911,1.2661466798704635,1.9189970963573588,-0.5835412045620589
0.0,0.5574106222973368,0.35616701858654404,1.062259615777829,0.6658043665464963,-0.6726082095899691
1.0,1.7131151849874826,0.8577082612039035,1.049997206425387,0.7547437842375951,0.5664890049544474
2.0,-0.2707823248248469,0.08023220539415121,2.2709868949494125,0.07090771768803408,0.9628939743927404
1.0,-1.3742154243401417,-1.4281996429093857,0.3371521422521972,-0.3485779500830361,0.4302489873613287
0.0,0.9360428035994939,-1.267818798049931,0.6614403172418236,0.1549871621833339,0.42965632642016766
2.0,0.031811695570793906,-0.7173188269380572,-0.06921966913853957,1.0668803101298994,0.09336999776977124
1.0,-0.9530681659737994,0.31632521706550415,-0.4461577629093498,-0.4541964145341969,-0.4441787123768918
2.0,-0.6185749318451801,0.11958454376391821,1.4355541216374024,-1.1015893415143307,0.30369562700211444
1.0,-0.3290778871083771,0.8326277992226858,1.5314212407619054,-0.8293765141020661,0.7632034601467818
0.0,-1.362789474403321,-0.7221630057735545,1.259306061642048,0.2773737421717241,-0.7975561926304687
1.0,0.5116488881667718,0.6818461518550362,-0.2213711120780992,0.3862040599327638,-0.09662289621392685
1.0,0.84391533634366,-1.1951959915400985,-0.07121617475885134,-1.9272031610970322,0.9878851612723961
2.0,1.9623387660659406,1.6311085566368069,-1.1828110894829245,-0.21505444626662684,0.1568541927066533
0.0,1.1811622330949056,-0.059759979666461564,-0.027521871067896546,-1.0550786976473747,0.6375003905212573
0.0,-0.5992613490521905,0.21230999516317978,-0.8760593688254122,-0.07625321119347013,-0.9657787848433466
0.0,0.20540953823723554,1.103008152669824,-2.448099503044606,2.0055712367416203,-0.3875349820195674
1.0,2.6006973647673504,-0.8058449869291725,0.427429313309938,1.0535546865697416,-0.4270030807584696
2.0,-1.3783648474480623,1.585991337036308,2.0774051515202467,-0.6872424891651271,0.9713862054612403
2.0,2.3686315510228804,-1.2300092165281657,-0.13298942279615428,-0.15088846491963737,0.5766855667318853
2.0,1.392741753648135,0.6468031776803871,-1.4750610347088218,-0.43902151495938135,1.8256587859576352
1.0,1.3266208966625352,0.6213337228516117,0.7917771700122026,-0.044747793115552784,-0.27777343246351305
0.0,-0.2730993049545769,-0.09266504278632814,-1.0334812955030583,-0.2166548581784303,-1.0408730033205393
2.0,-0.09258635288119757,1.0676082868393633,-0.7919159054019116,-1.9770214920780385,-0.6933373933331722
1.0,1.077844825580639,2.846898854334765,0.003041709441391972,-1.7390022634706817,-1.7396463768195043
2.0,1.2755922407127585,0.4314222339485791,-0.0007104799611906389,-0.839176557890861,0.43917931059395116
0.0,0.5249520965526053,-0.03683398633801475,-0.8062734995393163,-1.5095730454617402,0.016194654291641845
0.0,0.739121103241653,-0.3684340256346951,-0.35908966325765174,-0.22268961373364562,-1.0855547094377958
1.0,0.17504290214578105,-0.5294568670637773,0.3049259074660812,0.6217218956889631,-0.06606886900877404
2.0,-0.30873221026138375,0.8145992578211483,-0.1987216982755197,0.7137353726979719,-0.9317651346574009
2.0,-0.1537593057609105,-0.2655633243359874,0.629043687252822,0.4713346889934031,-1.072774322914824
2.0,0.11679871686723944,-0.9155942447681874,-1.8823858314701514,1.0681401140370717,2.2773928844651676
2.0,1.2099278593709824,-0.3337198459217529,-0.004895817339323287,1.5379638876043704,-0.012266950849230884
0.0,-0.9982692044482712,-1.9823682008091097,-0.5492144426382743,-0.08286577428924444,-0.0704975580059345
1.0,0.3992549501395224,-2.2123591359410755,-0.6665731690446524,0.6231450804012081,0.8849417981962401
1.0,0.6564239354730055,-0.22099050963437736,0.8698179599840719,1.3857745998435667,-0.8846867859908287
0.0,1.958766755862181,-0.1928404253769845,0.27631650338441316,0.13078064174891477,0.9584007184555762
2.0,-0.3076097217131457,-1.69133935738798,0.8701685381607206,-1.21594822207874,1.1991867348309622
2.0,-0.860449726684241,1.7306078233289657,0.1082465294033723,-1.7327848814931506,-0.9560831974983666
1.0,-0.8992085544138364,0.5657752795483794,-0.3098635155462019,0.006714854278291667,1.152353551553482
1.0,-1.051442755184607,-1.3805864003827397,-0.43657402615765856,0.1740793917408392,-0.36991580367723714
0.0,-0.9159742586418921,0.13575165053212276,0.08387258458208081,-1.3022889326307974,-0.3931766137358877
2.0,0.48271041431784756,2.0908667823979257,-0.5223053908172249,-0.033286330707342174,-0.7909752730030639
1.0,0.4841677367701468,-0.28804736152773974,1.7154835601832579,1.3460006714317503,-0.6244376368248604
0.0,1.468586846289796,-0.5969327579406407,0.8684872863166705,-0.6989576886318811,-0.4023131252511797
0.0,-0.6230802047253176,-1.0901613610446497,0.2095336366289742,-0.43052246449607817,-0.7935831658785638
1.0,1.9828140219770456,0.4933853687491823,0.9306591152244799,2.0069499870098153,-1.1423385900080985
0.0,-1.0275194562829735,0.21478988061024082,0.035095018564997915,-0.05028162803918851,0.4759943883007824
2.0,-0.16763827381941565,2.3408795789640218,-0.07020949739610606,0.3308570772645617,-0.2673716574375099
2.0,1.0342158206527385,-0.005487653893175148,0.9573198670584043,-0.33157109018896985,2.2807284245679265
1.0,0.18266323208214102,1.2519396098985052,-0.14323422901693864,-0.33049255519021487,0.7530426093519362
0.0,0.8767681819827369,-1.2361672050070978,0.2925567919960901,0.03833576058358769,-0.20008267575817765
2.0,-0.12351901199398553,1.4284484749830881,-0.6985355840199954,0.7455908604369567,-0.8082446304161762
0.0,1.1761712085960319,-0.3524096827574509,-0.1372820361892183,0.36771762629620014,-0.06560136038226043
1.0,-0.8571486634485399,-0.19648375008402205,-0.9592491271306929,0.8877653610382579,-0.9707323480392833
2.0,-0.41648716417152565,0.8678913186850585,-1.3809252532639913,-1.5824409590294741,-0.015944999639456454
2.0,-0.8165166307748672,-0.4048146572605681,0.6272951806095732,2.5826439851191685,0.553148657285642
2.0,-0.07235871390108267,-0.7369425941560896,0.2992916205103189,1.3167051028440728,1.970271914772701
