2.0,0.7227293408004491,0.8399850317635033,0.43944947360522774,0.12247471035757289,-0.41339356696509744
0.0,1.7212222745540822,0.4189232400798733,1.212782372076938,0.8580773820922414,-0.014718676031036484
2.0,0.5064824694519106,0.40255594296675923,-0.5593074875225519,0.8865798582446411,-0.4911204061825027
2.0,-0.3848064238183708,-1.0975727313733044,-0.7814931056029728,0.8733282767805647,0.09875756250177975
1.0,0.7829156117953523,0.42936701017117085,-1.0225300219962852,1.0831286914591365,-0.012031844172967722
2.0,-0.6813551219728824,2.2496706756579363,-1.50420907268113,0.8915915793315164,-0.18535924288543545
2.0,-1.5587423550815975,3.1305178114398293,1.189639409025941,1.1875238928866436,4.179011287704096
0.0,1.0120775460152278,0.39353138771184426,0.7056688868289818,0.13544217449810422,0.12308082818056058
2.0,-0.5548951905914685,-0.3353617793803755,-1.0277609910685797,-0.8781527976613264,1.2931978780836713
0.0,-0.09298447218670647,-0.5578650652426757,1.5833776172005196,-1.5498643942135006,-0.010348057107539737
1.0,0.6307602385950437,-1.1089413918321225,-1.965306825028095,-0.49022603962476774,0.614909747998526
1.0,0.9131251028782353,-0.7249167000734899,-0.9022694768767389,-0.8555543092844398,0.3758165800213628
2.0,0.6483389613813776,-1.4433732576492078,-0.4068572153075716,1.406106170660394,0.04503523470237032
1.0,-1.1340597880877148,-0.7025747390804273,0.2246953502051481,1.6386910529106875,0.2229319254055597
1.0,-1.3464220779548723,-1.1963598563488114,0.0023501913910010737,-0.25868539885268027,0.13269015958715244
0.0,0.9060331231926061,-0.8935302044883107,0.9674132245810833,-0.3685562652885188,-0.07602988804837031
2.0,-1.237600141425331,0.9535373355591837,0.2323839071557744,3.079600804704166,2.983378560241759
0.0,-0.09252248691158509,0.12859783232641966,-0.9386673834439849,0.901363585982953,-0.4478228032406094
2.0,-1.1303677714237932,-1.7282649394397283,-0.6985674453049932,0.5418189561334644,0.2629640961798524
0.0,0.8689848132359944,0.8813517471527357,2.276115920758285,1.078624615054297,-1.3498315684649758
2.0,0.4878706918441375,-0.8918953968178769,-0.10233897495354831,1.1112126578920956,-0.6354000387410502
0.0,0.6466938446279262,-1.6809987903317611,-0.5552823102224301,-0.042881480388049814,0.5717250059793612
2.0,1.3538859862800297,-1.7577475999794467,-1.2978939183827833,0.6033436088858847,2.1434729751738666
0.0,2.0443722991832702,0.2725367318679593,0.7505608881428242,0.9680275855046676,1.4122354100550385
0.0,0.11392505172841086,-0.4923564700798466,0.2532871224806248,-0.7145476139818494,0.3837039561543836
0.0,-0.20658107878594426,-1.4858620430635348,-0.0380894955051621,0.11025561075419048,-0.4986860733549767
1.0,-1.0595620767796579,-0.6165829342617948,-0.05571275963292092,1.3324104098825764,-0.6708249017028074
0.0,-0.007888309661314244,-0.38005616493653227,1.1610436674248825,0.15779959609628058,0.1561030830422436
1.0,0.3239195204225962,0.987378285064639,-0.2552632418942685,-0.6207259104319901,-0.20471908260253774
2.0,-0.7098478335428343,1.96407980876612,2.2869428665681197,-1.2530730531667735,-1.4375252377907835
1.0,0.35702021659014577,0.15014810472109788,0.8027121047389836,-1.0519891046639656,-1.0436872436423972
0.0,2.9392532765282504,-0.6342581019324769,0.6186632633178002,0.44710348788433885,0.8309416432621092
2.0,0.1405882485921871,-0.4495426579693331,-0.03751248602564365,0.5975722607565976,-0.005562674668528232
2.0,0.816117104738293,0.9103147485875154,-0.6998833447576271,0.049438591903480475,-0.52829171910039
1.0,-1.4664405576293513,-1.105611334735788,-2.399398642459075,-1.162622806163226,-0.2914274181970807
0.0,-0.13508949982435756,0.08503767561267388,0.8558288170302963,0.20944575899152695,0.18718916576258948
2.0,0.20767044223239534,2.4766449906128587,0.9916066121885557,1.1546040114232494,-0.17585464663711184
2.0,-1.2788535588700145,2.3611664324297172,0.7516727948624513,0.23441489421264888,-0.42804539807176506
0.0,0.3582483248120716,-0.7295383242545898,-0.8794734982897555,-0.5204676942034702,-0.36073363700641997
0.0,-0.6860302914895158,-0.199073102036773,1.0080183708840602,-1.4966113526901026,0.8306996094125596
1.0,-0.23327005206553963,-1.7363348677333104,0.9083609682871873,-0.1024026749297157,0.07502496300395906
2.0,-1.0359791075887093,-0.6313381803772027,-1.3827520553716663,0.5378508096036896,0.4235957349342801
0.0,0.6701704994410803,-0.2312881515144407,-0.39946931189437296,0.5287807113068409,-0.5905954796860493
1.0,0.4622849668580375,-1.2454689827350305,0.06119866394422032,0.2765924462317795,0.470985842862771
2.0,1.3580125614369178,0.9951530260777223,-1.2427629900694444,-1.1831758766343752,0.3085485375714061
1.0,-0.2127398092443631,-0.03131663538939972,-1.252860159868442,-0.039052058375963,-0.3156145001026482
2.0,-0.43092668117087984,2.0658549525899117,0.5829820560907102,0.5644233549559478,2.2494377604291027
2.0,-0.9784989871360293,-2.5435862570671373,-1.6070019302610614,-0.20663113977245354,1.2246429523087572
0.0,0.4459781124607985,0.9580147052743139,-1.3856286401220277,-0.5698921882457109,-0.610725295098632
0.0,-0.893168854223283,0.9623678643097616,0.8624513455092095,-0.33608898561913125,0.1373994953040436
1.0,0.35988922457496986,-0.4552088065942285,1.1737337487513406,0.26531634448486974,-0.7918417564921172
2.0,1.0662929692825531,0.28230743192313373,0.16617105142210148,1.307122091037574,0.30600706391793964
1.0,0.563583052429606,-0.3640442033456279,0.5671872153936258,-0.3849872184710024,-0.4235534938138453
2.0,0.20067321165574106,3.053317489101862,-1.4126551053437095,1.0774397737006318,0.2963064205747443
0.0,0.7185321539419709,-0.05381271637459291,-0.9995513011759226,-0.7237064558760514,0.1195109641771656
1.0,0.36111284469847454,-0.38782860168929234,1.308582573928259,1.0593974784681435,-0.33283822601939184
2.0,-1.1869280175159849,1.0045746837152336,1.1191299650843418,2.450925375979552,-0.8553121383173229
1.0,-1.200455645866843,-1.802670536561158,0.13330664634119135,2.6159138738984153,-0.026492611059571135
1.0,-0.5995598312062956,-0.3433857521355872,1.1052173661882132,0.7922758763998914,-0.3938442227132154
1.0,1.1929130776876973,-0.4366887663421052,0.44006984009995503,0.579999690583259,0.1124564754585399
0.0,1.0862675600786822,0.3937399744915507,-0.2842756293285487,-0.6262489741843373,0.18333409957478455
2.0,-1.2639744372530375,-0.703799139756622,-0.5828906257410537,0.08224868542930701,0.6073055445416733
1.0,0.29784427621669624,-1.2062409949810489,0.4713877664997911,-0.012936734932881652,0.18523580855325872
1.0,-0.4677406336407047,-0.8898223704788151,0.9328470421126778,-1.1825043828174746,0.40860720665547307
0.0,-3.0469650287073757,0.9145132108880104,-0.6430682967605562,0.1912276960112793,-0.3431655307548803
1.0,-0.4786467820916265,-0.36459014550800084,0.6966861019468487,0.3474071873972491,-0.058238708265343095
1.0,0.31662825737048994,-1.265599760321883,-0.11418886241456638,0.7207894162987547,-0.35934191091696194
1.0,0.6595479280975173,-0.39812208615249667,1.3858884355110852,-0.24740798785259185,-0.13546205306700324
0.0,-0.8554133826259799,-0.10941336701189762,0.43581289198155887,-0.7575857776529159,-0.6942523736919529
1.0,1.2690642197873958,0.37924932837129,-1.211120597216263,-0.6589326663418815,-0.05348401167106493
0.0,0.7252114844333665,-0.4428233772251422,0.2751429272149884,-0.5922291256795199,0.06585672302812236
0.0,-0.41540967771070814,0.48764718770756604,-0.47509875413874536,0.5460356174171521,1.0922494347719336
