0.0,-0.14848934846964446,-0.23427704750506073,0.5753308161180352,1.260182827903114,-1.1134915711749749
0.0,1.024752779878493,-1.0142341123054754,0.38291836295174525,0.18913994390385996,0.5759444737393792
1.0,0.33180995764812776,-0.6145992288790736,0.6776221769442555,0.8922918408121321,-1.1153201756486602
0.0,0.0430439581125342,-0.9518840878614974,0.6737085652816,-1.0669364018016303,-0.5536308231844902
2.0,-0.17485363539257492,-0.028621545721230855,0.5076578213943164,1.0350649490270367,0.9834899010270308
2.0,-1.4134847966098318,-1.3982691360827455,0.558479584264396,-0.07149602201815522,-0.2449934062901709
0.0,0.8843678255705844,-0.35937789660818725,-0.2539509405166042,-1.4581135531850125,0.3542508224248528
1.0,-1.244286100376249,-1.3661466752932947,0.3704566616229508,-0.7401068621437529,-0.48379665405947175
1.0,0.7064231345321316,0.13678993223329758,-0.46012613086848103,-0.7940045448882617,-0.6868207432529351
0.0,0.1076026634087065,0.19300648471037293,0.9257984101833016,-1.6171574028458129,-1.1627186322405603
1.0,-0.7734846838511288,-1.454720294925256,-0.8224513741641235,0.10097640137856145,0.21515573970876167
2.0,1.157804349689954,1.281554785486857,-0.5894496455062919,-1.22888559467397,0.24994871249484557
2.0,-0.6878878519801808,-1.4927014380465988,2.050973803279802,-0.7040537968942314,0.15422523670636612
0.0,-0.396934299571682,-1.0529722368577221,0.5283318755911717,-0.4399963051396149,1.0361517617806375
1.0,0.8486301643943882,0.27301679900135245,1.707809385444455,-1.7009548797480716,-0.3762568654170982
2.0,-0.6230019661621615,1.9938185948015623,-0.026759414934715686,1.6232507237514069,0.802408959767721
2.0,-1.1347126953306417,-0.35959845169993027,-1.6423190713460507,0.10396143707629986,0.5172908538862385
0.0,-1.0363129596560152,-0.30139966863856527,0.5541276382082777,-1.418473528328716,1.7035441673047855
2.0,-2.070068626490759,0.44925511037979693,1.1314753285584216,1.50298316684887,0.609011413741519
0.0,0.23452184806310214,-0.035622456543740015,-0.03196461888368572,-0.6189242924140815,-1.226153001234995
1.0,-0.12427287130950186,-1.5436083602952604,-0.2557887157664105,0.9263118502217839,-0.3690630669533035
2.0,0.7715074513263116,-0.19091038830745552,0.7273284850985711,-0.29365852854034136,0.07905613062698108
0.0,-1.747685342888455,-0.3632550520274215,0.4942449069816106,-1.3993595634396565,0.67885383912249
0.0,0.2872834085653373,-1.2896036282485348,1.7418796142145447,-1.6396750235487214,1.008985928720968
1.0,0.7910793829938981,-0.08110813330206033,-1.4192663909174223,-0.6664348900890961,-0.6641806978238485
1.0,-0.8641100150349369,-1.246275934701354,-1.5336378218696705,2.774050731963734,-0.5151147122150194
0.0,1.4757416032143367,0.12159656340452271,-0.3106512250578578,0.4804246225110484,-0.2815195064288158
2.0,0.19123930104777317,-0.08806757602588271,0.05469710839738413,0.6161850521653666,0.18782915259972238
0.0,-0.7271983795242798,-0.33708723222327347,-2.3031943121221152,-0.06996451289824553,-0.07752325665199025
0.0,0.9652005316825084,-0.27836127710965136,1.1127847158315591,-0.04395011849779695,-0.34566765592954585
2.0,-1.1958838331591222,0.8150340103474064,1.709066642612867,1.2110984598403403,1.5010070772322093
0.0,0.7341367837954638,0.9593105911940923,1.1104118134593477,0.2430981618285633,2.951611172861503
1.0,0.2933434590045208,0.02766435959693952,0.6221331749172695,0.23913974142143743,-0.33584772803020035
0.0,1.4393753672455556,-0.4095373286345369,1.1582339323453767,-0.3375204314179434,-0.392903696350094
0.0,1.4649089052583475,0.6623914175738133,-0.6665664730678756,0.863264697421297,-0.1789217674786677
1.0,-0.5031772308590194,0.30774874271138697,-0.5305633915658021,1.7821884245545143,-0.9548955585370229
1.0,-0.03499678922623464,0.12140034987693249,-0.8991065986334937,1.3130688625061624,-1.2397044548541618
0.0,-0.9361911808849718,1.1077734185989982,-0.5456303379226911,2.128418272667849,-0.32938078498351886
2.0,0.15980491436817462,-0.4899159660753652,-0.33941525863029604,1.0486518878766689,-0.06724792645995498
0.0,-1.7723956505036074,-0.9788457308546682,-1.4635989227756998,0.49441219490732286,0.5715509940514131
1.0,0.2987264211084088,-0.17067512625321804,-0.12108845459354076,-0.42213198878870517,0.38137999577842324
1.0,-2.2399652264056096,0.6109366731611213,0.23792526012446044,-1.3503597697604932,-1.4217309027129148
0.0,0.8544001305446381,0.08505546382721756,-0.7088664411429063,-0.7160373816125237,-0.46922137849809986
0.0,-0.17029814881676117,-0.827148005489177,-0.42429207769536686,-0.9370893974067499,0.3760025630193991
2.0,0.786509979298903,0.3462294296167389,0.15236180151435688,-0.4481461383001786,-1.1798552220091412
1.0,-1.2045074429641562,0.07584836205243858,-1.2676357150552329,-1.85510863473264,-0.655407996283822
2.0,-0.7868865100221182,-0.4038115465426336,-0.5694347974813236,1.0368378508980793,-0.16747816427690884
2.0,-0.6369425967827902,-0.10462902753643642,-0.11162016876952074,2.92597054673015,-1.3287833767637156
2.0,-1.2666079203192633,2.3477752808096297,1.527312872525075,1.0361729223670562,0.5514508604633193
0.0,-0.6889258263576038,-0.7080527431890847,0.151657317087939,-0.07528631647687535,0.2446019425367894
1.0,0.7038979554306966,0.3830616140317668,0.08047303084535717,-1.4907419316393797,-0.6141235528255954
2.0,-1.4252394132614457,0.7040746357389399,-0.08582392021315702,-0.9585692940316309,-0.8846695908118319
1.0,0.8938895960907975,0.5040909095862202,-0.004342420085854107,-0.40973918145557064,-0.4966299684803568
0.0,0.12096736767281509,-0.7946388001000656,0.02357838914359164,-1.009324057747126,-0.48865635052127604
1.0,-0.680725649503433,0.044809458577598986,-1.3963831088728915,0.9688104953095542,0.36981553407473544
1.0,-0.5987703673706092,-2.0462638230400554,1.0181740242331707,-0.19656194855335396,-0.08756766105308693
2.0,0.9921325922128471,-0.8549227069407671,0.551633291331047,-0.0858500047164662,0.09835213778883034
0.0,-0.9675380648101319,0.8368690647602272,0.13643856039096264,1.1462364128037033,-0.717665893162465
1.0,0.5475009433809482,-1.3341400986859981,0.044517307199498535,0.6210256010878547,-0.18207018815545276
2.0,0.31403128754067744,-1.0283882650703833,-0.054345486856374796,1.1358984821301137,-0.5027788150379909
1.0,0.1994363611837454,0.10041321046056444,-0.5926646902266935,-0.7437536619580815,0.29075628878944443
2.0,-0.5818683483126039,-0.9318399311934618,-0.47202410441654097,0.8791229295239106,1.1378949052763732
1.0,0.6287269042946667,-0.07717853699734284,-0.6122773805013484,2.1199545785563703,0.1636969164183421
2.0,1.3923732824843464,-0.7808847216604473,-0.5705754975245065,-0.2656070515873857,0.8309962948817162
2.0,-0.6024253247870412,-0.7955137862673675,-1.3407004484470642,1.1771319360847503,1.5540694181130765
1.0,-3.2014368019713046,0.09349704175859673,0.8883710969723204,-0.2209969933242924,0.25824131254864563
1.0,1.2315438199395956,-1.505956639663212,0.4409917746520896,-0.20715611270533985,1.4771851510263674
1.0,-1.4585093264572084,-1.0870163194708369,-0.41309103918510787,-1.5427022827344596,-0.34198098355587525
0.0,0.5694721078054034,0.8464395968474367,-0.4630014081904092,0.04642543710319851,-0.05790323583280281
2.0,-0.006560404122676664,1.0503540021449953,0.5440967929520617,1.9641622064261361,-0.41389902348970664
2.0,0.18950393019763614,-0.04382930282382566,-1.0325709158994136,-0.06750643090876662,0.1956220783356114
