0.0,-2.6522926645302207,-1.8410491167800156,0.09500258663343703,-0.28347377497724713,-0.5706263056225896
0.0,0.463872526523901,-0.33519860238775817,1.0387916228603715,0.7608924930923102,-0.31191946026643885
2.0,0.674218855038593,-0.988558440701396,0.9846236077359176,-1.6674990644454561,0.6259921039086336
0.0,-0.8374935174255242,1.8119747855783268,-1.8924436853578677,-1.2336616031239263,-0.49846829051735664
2.0,-0.507533000195621,-0.09325084384811938,0.8832142372504328,0.3050533124699996,-1.3194622134071832
1.0,-1.6352892287306828,0.4634234486596545,0.12817001004600306,-1.6157803963729718,-1.6237098740289793
0.0,-0.9437930610395684,0.7495863081555151,1.7778677551576167,0.1475876593833845,-1.184418431902412
1.0,-2.2696991793613983,-0.6685953681752437,1.351295316744055,1.2571922822389885,-1.2073601665888325
2.0,-0.6510279274350381,0.22943220759420396,0.3152574484317924,0.05111367936321598,-0.9805997678709423
0.0,0.8363402747809152,0.630198798771242,-1.766321186043554,-0.1432054826088162,-0.5933519345394015
1.0,-0.752553054113869,-0.172849396817016,-0.6857627551637128,1.0021484740099038,-0.9787574965593084
2.0,0.24987441349767595,0.8787416331517519,-0.10854287753509576,0.44521875805572064,0.7656542638270201
2.0,0.603784516047838,-2.2932934411858277,-0.6624743556611857,1.2897619179849338,1.6091687022261225
1.0,0.29897769477608016,0.8150845217492158,-1.2210917436554225,0.38097449755203966,-1.044029781135104
1.0,0.8639158218939134,-0.7082912469035583,-0.6590540480491801,-0.60140622256287,-0.23705211058065262
2.0,1.355578899491612,0.3814563535903967,-0.7829358732131286,-0.12691005007912978,-0.21499101623772252
1.0,0.5941571076791902,-1.447172613935282,-1.2726245398417064,-0.4635396672673432,0.05795798448408193
0.0,-1.0215449692938503,-0.07976044390053022,-1.6023079097639108,2.4612570885375296,-1.1186733560201634
2.0,-2.710878296683708,-1.0463340236090382,2.065937198707444,-0.49583386180181166,1.048069804153667
0.0,-1.8450949885176569,-1.9114403232323802,0.186816579156784,0.1883974747948506,0.3433969375212063
1.0,1.950642090367435,-1.4008628621156747,0.13046108211942306,1.4558234307074094,0.38645244701980547
2.0,-0.698729176779741,0.5631581041304418,-0.3239592492581976,-0.6944270596329051,-0.9717306172919136
0.0,0.3474074577006194,-0.8527180146782772,0.2958868697627129,0.830870387072151,-0.5168197977231705
0.0,0.16507842897504496,-0.193555289433462,0.8313914886205859,0.4527792436261341,-0.3369325744334413
0.0,0.949663206887692,0.4625430325756982,-0.5032780875456923,-0.9356107460153085,-0.3315192907495706
1.0,-1.261548295848007,-0.44948084548695816,-0.2771140685424965,1.931620720714451,-0.027815330073964008
2.0,0.7928674718031167,-2.836549677394012,-0.36350457913530615,1.0889068842429281,1.356795481319201
0.0,-0.7588615583165914,1.6340939827531265,-0.28857261407948176,0.5536032309997337,-1.1962512685178892
2.0,-0.32034092296147265,0.8627825536150376,-1.239226151118301,-0.879081823782074,-0.3675232700305166
1.0,-2.536458588255527,-0.6192000453250941,-0.6401626783567325,-1.3539870933064981,-0.8740332572518207
0.0,1.38766099196406,0.3401825410028865,-0.9035319867677022,0.3636114177788952,-0.7464806569290925
0.0,1.1535213744786368,-1.079369775254879,0.3595274933204463,0.5011283299420938,-0.10969313070816007
2.0,0.2218680883084165,0.37818994802401584,-0.9314875301206647,-0.29450221621236344,-0.4242510247994382
0.0,1.4701805398240722,0.15293985153782091,0.4216185086648529,0.10189858955177518,0.3704495491689961
1.0,-0.5134964147570469,0.6132885550727272,-0.2918193028730022,-0.5352450174344419,-0.1679691959016951
0.0,-0.8026058441341636,0.025200241436880644,1.247751715623597,1.023663021809327,-0.9524384245811139
0.0,1.7358762498576652,-0.7584124983206983,0.82394047258158,0.08733798303756739,0.4899519144333653
2.0,-0.6108475819488136,0.020168249076120536,1.8055216533483642,-0.7347787551307835,-0.8948179291882822
1.0,0.17699223370701214,0.827078554809754,-0.008837852232965801,-0.27210414903902225,-1.0870227298743134
0.0,0.06439902056186221,0.9206073400715745,0.35722204608040387,-0.07104873614745959,-0.9645026960611697
2.0,-0.760490639966661,3.067789189500272,-0.2680520046268689,0.4743493700524057,-0.651462612377075
0.0,0.20920709235821505,0.6828527896852034,0.08534531436699826,-0.7966091260920023,-0.5710699559599647
1.0,-0.5966416186379567,-1.020156571093926,-0.5156308019802165,0.4890668710182728,-0.1932741704825416
1.0,-0.49203657204291806,-1.903083376335702,0.531976969173857,-0.8188104024650783,1.100189932212887
0.0,0.54324608883904,-0.4055460771703561,1.0686975761552842,0.16876796326962332,-0.8517624322737694
0.0,0.33908466265976,-0.884899193350563,-0.429003808419587,1.7426999827403449,-0.4899847066662704
2.0,-2.8728912686352013,-0.11978816567510299,0.6742819877057109,0.1135077104594356,1.1399129386210065
1.0,-0.3175773004329415,-0.47703658476179345,-1.1394316985304842,0.18664666995847456,-0.2107922401430809
2.0,1.0462121213212778,1.8645518062898367,-1.303079476294024,-0.6140279628514131,-0.0775129457095556
2.0,-0.20492502489478284,0.07643129020658765,-0.22663024453314215,1.8653223204060074,-0.5822806454878837
2.0,-1.2393971913230935,-0.4083818045177918,-0.3988932834467682,0.6495789913240776,0.3321521866535422
0.0,0.4951938467552625,1.614577831807546,-0.437092540713622,1.7726555073716415,-1.136227423586253
1.0,-0.6418566916326922,-1.5443843163441384,-0.5798173042258569,0.22558504397603038,0.1652544321174959
2.0,0.027228440749876102,-0.0714323724247633,0.18893344640697443,0.18091810837199285,0.03648282920106855
1.0,-0.29783729627488215,0.19071926213827814,0.005636819431158495,-0.718948051726447,-1.4533698229175553
0.0,0.44465230689460183,0.04280639917063355,1.763845692578735,-0.37839414850044184,-0.16861510414066821
1.0,-1.0903126008434114,-0.6911333274862946,0.4044693800206778,2.4364643694409374,-0.79687195478206
1.0,0.9876744531626369,-0.5439465788024945,0.03547432307494121,0.5520450490778076,-0.7860741640283364
2.0,-1.4856865599772038,-0.28135008141164924,-0.6036152622179122,-0.30548586146097656,-0.7452881763763866
0.0,0.9680530392153827,-0.6134590328301116,-1.1662036978948103,0.8499529511960495,0.4916713003601677
1.0,0.7397567456894271,1.341081529078917,-2.4025327761791617,-1.6853994449684342,0.10867858486065125
2.0,-2.7676954364827844,1.953545118518834,0.5059819199869411,-0.03733054688374354,3.4034550289062384
1.0,0.6119882684181915,1.1518181483096641,-1.9473837234680726,-0.00542937456102385,-0.5786150700207154
2.0,0.21429963514654043,-1.757999331027001,0.08833769767288759,-1.2783503635392952,0.7146108141494797
1.0,-0.07752181518062398,0.8858860120312073,0.5428626785055448,0.2742295051480671,-0.40422514616437666
2.0,-0.489194775661472,2.1772916802039153,0.992721458390802,-0.17923663229770517,-0.3704183253345902
1.0,0.812993535897674,0.3394078357494699,-0.5850287280476435,-0.1363370471956845,-0.08560135442213247
1.0,-0.5736317585222303,-0.8859776034937045,0.22632532792754645,-1.9366522491188918,-0.42382355963065443
1.0,1.019822975635664,1.935221145900616,-0.7142066523439281,0.5181596763058816,0.4610385414928126
0.0,-0.010030576934176636,0.3359109811942937,-1.404683636501439,-0.5750833711515969,-1.106269753549153
2.0,0.6537479463312127,0.08857178578976675,-0.2573670134604603,-0.21305953335688094,0.5766543776708727
2.0,-0.7862507568384351,-0.2302152503225378,0.8372436760329923,-1.141643195690023,-1.064557288583454
