2.0,-1.2557278831280005,2.2277342805050595,0.9501139453883315,0.21533470720133382,2.45688675404302
1.0,1.883435237833105,-0.4265371398551097,-0.19158529594380674,0.23293426609360635,1.3780391813679878
2.0,-2.0895442083876867,1.3192064831217962,0.5889023568366197,-0.6812453053688329,0.5515747334631332
0.0,-1.0696450374374535,-0.6640772286913834,-0.77342705600902,0.29789584472707414,-0.09605172818867853
1.0,-1.012964859485413,0.03791517400228529,-1.1450640913893153,0.1419005052060323,0.7006466044900678
1.0,-0.4037438685133572,0.48077395246009225,1.6526868928915006,-1.0333629751334035,-0.6168379711044165
1.0,-1.4530900023553943,-1.3215098699853334,0.6243009559424976,-0.407794314468462,-0.28515928547249725
0.0,-2.272145419350774,-0.4284078028675634,0.9417382250145928,-0.04954098525108565,0.4213028530987346
1.0,0.5100864346544379,0.19944361773329383,-0.04369321249104111,-1.6247903275690385,0.2366129591953215
1.0,-0.5473877574024639,-1.2190588801463618,-0.25749710660331165,0.622310445044196,-0.6320203586347918
2.0,0.017642694722440136,0.4813840645673714,-0.08413272887329122,-0.9584489622428363,0.9111697397315452
1.0,-0.0587595732202126,-0.8662218062742578,-2.0674992061163544,0.01004399555166171,0.19871636941601883
1.0,1.3923514817408793,0.4628475857038969,-1.8657748517000503,-0.8240948040820597,1.3596379312395388
0.0,-1.2873239833938102,-0.9931009518271431,0.09222967520613698,0.5093134913932801,-0.12552822936387345
0.0,-0.6788896876712662,-0.4873162993253469,2.2305401324063676,1.3119511282631102,-0.723020533903923
0.0,-0.3173159517108252,-2.403404302203181,0.22624594590707284,-0.3596357047626674,-0.14180147072001165
1.0,-0.09294554567968506,-0.7628750910383242,-1.1204751690283818,-0.2673515075942083,-0.6938233931577903
2.0,-0.07614871938947348,-0.12651641026929836,-0.3816473673920233,-0.8641748295213607,-0.25340892638024914
1.0,-1.8559871399516883,-0.2711727466905085,0.1260562412598545,-0.1578960092760874,-0.5495339062827427
1.0,0.013712690826399856,0.1472012236850547,0.2879554124146761,0.6244798557525248,0.2984970822364053
1.0,-0.5607878081680692,-2.1156346087560896,-0.9329536829288942,0.18896409665246136,-0.2493856258514602
0.0,1.054347015965936,-0.9910180596739028,-1.4558040084413955,0.39577552101794483,0.7703443736683181
2.0,-2.407542576431153,-1.7285458350437093,0.7532211948895328,-0.5462353711498359,0.6400258820778937
0.0,1.1679795105102802,0.7903103708959853,-0.25548632112375347,1.2682413934256416,1.4246801510977767
1.0,0.09476376704254623,-1.2821118225624217,0.21634011024959604,-1.633263301042471,-0.5351003203618419
1.0,1.3472730303283562,0.5482137252116477,-0.13195029237037015,0.517171400726222,-0.5297474366653768
0.0,-0.2028864196479143,-0.9487833144313449,0.6183226045459652,1.544297185784703,-0.49068262079735797
0.0,1.294650511582308,-0.8051497012344475,0.9194622839266557,0.9757344725029706,-0.025241251808916638
2.0,0.07855803694907142,1.437820497327874,-0.17409632258929789,-1.5101077002105843,-0.9124035481444853
2.0,0.39972042394261115,1.1121513801275145,-0.6403726759530698,-1.4275810407765988,0.08203558810615424
2.0,0.9338960122071115,0.7036165486418602,0.36641184301616525,-0.9029031290478509,-0.862000737947246
2.0,-0.5347713794750462,-0.5517390539851684,1.141815159764915,-0.6603820562836813,-0.15158756164965634
1.0,-0.9303478096040821,0.1968242043561919,-1.761234419188572,0.3221811219611586,-0.3270082270868732
1.0,-1.358070383373965,0.3795491686123152,1.3931113684303145,1.0161321792252365,1.2724668523810279
0.0,1.1239542841812435,0.23725960289792403,-0.27697106155597534,-0.16073911990395565,0.27467525821232
0.0,0.8071121248668871,-1.0979202195312883,-0.4840410676268439,-0.006740177982854823,-0.1572810699410242
0.0,0.4573051031604189,-1.2461210027071108,0.22010139063983214,-0.3561764610949804,-0.2693667405916938
0.0,1.1428859699519562,-1.5937174863689643,0.790360970580056,-0.5452572589612408,0.7932281750367713
2.0,-0.651292409283992,-0.3522682746893243,-0.7518858515023814,0.9924669327471466,0.041792149169415475
0.0,1.6952458648602988,-0.9485848825868191,-0.2719992819732283,1.07951175143367,2.73886466883632
2.0,-0.0778150635607289,1.8449749179464627,1.221546742459805,-1.0360360495898329,3.048449469021863
0.0,-0.7598046056071045,1.7356927744259585,1.9842235017459324,0.8377938362967318,-0.8971160012170424
0.0,-0.16205677111603178,0.666024968182224,0.549641555704702,0.04159367266698266,0.9206657159314475
2.0,1.223426004411712,1.388585223736227,0.6003039881149698,0.8605144437110585,-0.3097894219772617
0.0,-1.2692330634087918,-2.086691852634782,0.7802281198326418,-1.2299497614611439,0.07115025397395346
1.0,-0.3801004975904208,0.16501637403905864,1.304848597450965,0.09000041425234756,-0.8569677881977688
0.0,-1.5334244904909944,-1.9784641729091752,1.1998732015805567,-0.5694858219386586,0.1461812797152447
2.0,0.3184285631036251,1.2081691931780096,-1.0965815989073326,-0.21148945172910077,1.876321746524368
2.0,0.8068831724479207,2.5546727619092864,0.1304536084559593,-1.8897653993300474,-0.6903724793334919
0.0,-0.04181984586241078,0.21961335249846686,-0.03686723868535549,-0.8886536781884795,-0.10466425186396147
0.0,-1.9647019140147892,-0.6773979231960159,2.188869501533857,0.5789385618233783,-1.0721211078957764
1.0,0.713775611655982,1.023805487248081,0.3768530988198402,0.34506598178915454,-0.9636708886250189
2.0,1.2130695524068364,0.17427520420576798,0.8947254682372172,1.109995193701246,0.705589656162188
2.0,0.4468911023577877,-0.7263081547898025,1.0631596805581982,0.9058307875555105,-0.2737401173809391
0.0,-0.09534401616872258,-1.128405287470945,0.5056341825015739,1.5870646302297164,-0.1350205690880208
2.0,-0.6237924604005047,1.0634859142743833,0.4650268669655537,-0.02876979888323503,-0.3387304949538477
2.0,-0.832205270139754,-0.9541556922719154,1.7644952566927208,0.08774616382735238,0.0845809757897599
0.0,0.41783518868714764,0.664798430213818,-0.8381176560390924,0.1592104246147739,-0.8298845341480549
2.0,-0.4445860094039336,0.7300817343150737,-0.8286002842728444,-0.7992816841592549,-0.7812305574748379
2.0,-0.3839923136536227,1.4486887903980379,-1.4593837512209584,0.09001138706700501,-0.5119849776735359
1.0,0.24847211477183057,0.8253366488060105,-0.005391948214519931,-2.42941098977192,0.25995641536574465
0.0,0.7460872078055598,0.7170676020572225,-0.4200197468950088,0.7069386900425664,-0.12404304466692817
1.0,0.5321809357776085,1.516745873154806,0.20091884017706105,1.9196294839730417,-2.4417585044552306
1.0,0.21534348302060016,-0.06503449108237709,0.6219225306683966,0.48211836084565085,-0.5794233363564956
2.0,-2.1754460773397177,1.8534234134075593,1.0040831489130737,2.307701060588534,5.7447541419664345
1.0,0.386735374225153,1.3981822793720589,-0.8425739197909884,-0.8224553564503645,-1.4433354571169341
0.0,-0.018428240075761333,-0.8480071308099102,-1.9695296648906244,-0.49628042833463215,-0.1401851384636283
2.0,-0.885131698370751,-0.3093063103201472,-0.08497486417765247,-0.14510984681822775,-1.2162577153034109
1.0,0.48508617363804873,-0.3546091476497767,1.242863726232298,1.028201425055269,-1.0084436835360073
1.0,0.2033162665776145,0.05426015179992218,0.40215332479151406,-0.5563737606261454,-1.5017293808995755
2.0,-2.888091431643354,1.3752132114322957,0.8174676782616782,0.4301234610281659,3.2866411096048824
2.0,-0.8893572903817026,1.1066067040262466,-0.19802348293166802,0.07754064845149723,-0.5658098273796419
