2.0,0.047801190631539654,0.14885006247865964,0.32245682615609567,-0.39757724241124887,-0.808655413800465
1.0,-0.6720985536442624,0.6310508155912569,-0.08371998329967648,-0.6152276035262301,-0.8204542441788637
2.0,-2.615184098580302,0.2811267398279229,-0.34312894709356884,1.0236479729594505,1.7047775530072558
0.0,-0.3802346646990857,0.7469041038245356,0.6623402994444354,0.6027041441967359,-0.7083704213347158
1.0,-1.0680388620660297,-0.8744982925425151,0.10147589083149545,-0.2024884086511369,0.033055566746873204
1.0,0.4457051124904335,-1.3185401266362518,-0.7067302556659747,0.6065536945813178,0.20904138354699123
1.0,0.1554395332143631,-1.0234513409595445,-0.2726732066904952,0.5797542375483496,0.38846555393842314
0.0,1.0392832012049154,0.8424902250454113,1.7423172048774749,-0.2462908602114447,-0.7206935416097432
1.0,0.42054934044876624,0.25337617428847303,-1.0960475600985038,-0.0007205855735771937,-0.4352333179889862
1.0,-0.7615266612322557,-0.14169911068764876,0.3086601386282676,1.6635107627088224,-0.3889104188958787
2.0,-1.9134472800206632,2.251323083280703,1.725091388345382,0.20445029281109453,0.37866399559202085
1.0,0.3684812090437762,-0.15609375330644198,-0.9174684062144656,0.18346170432083966,0.5598110140869481
1.0,0.503039264763186,1.1877363663636018,0.2993369545300318,-1.3841313322940847,0.34796579890671
0.0,-0.040137375115805764,-1.275168585724756,0.5868832428107951,1.399465748371151,0.2696064215627228
0.0,-0.03840962407225293,-0.28301264058525577,-1.4920061425557534,-0.030036227998337703,-0.8428712951572819
0.0,-0.9814522931865528,-1.6147594703817933,-1.940833872915862,0.24708750390875922,-0.03926294389096187
1.0,-0.11200882910621617,1.7711961106089473,0.7121565189476873,0.4318101985588744,-0.6956170006521022
2.0,0.4108669426631847,-0.24104307091431065,0.15959963600291283,0.11797030193734803,-1.0576632768106744
1.0,1.666459165274877,-1.1167468863732541,0.33554681512845297,0.7776071597975319,0.5116421281612318
1.0,-1.6329063699392763,-2.150005143530251,-1.765541702257036,0.8524074724975708,-0.015051996331758027
1.0,1.3757376360199258,0.6533398160968293,1.770000633318782,1.0056330483158373,-1.188501709458829
0.0,-0.20855089537898225,0.3581021878250972,0.35756450250840255,-1.881516150303708,-0.43254882360677366
2.0,1.2443882134832815,0.2153115999535948,2.7185510693786608,-1.0117492073639918,0.7296248063410665
0.0,0.46360531757193185,0.885502287111845,0.3274835855094647,-0.5515900515742312,-0.23423962414733818
1.0,0.6051650783223896,1.354804087320907,-1.8287706239088608,-0.4268758076728973,-0.09744731723501522
1.0,-0.4913422098422946,0.16680367305907737,-1.6137862712461442,-0.3457078974116839,-1.2782643109812497
0.0,1.0207231796928629,0.8041395038746895,1.1738634607605416,-0.28792182977651476,0.06712369255876262
0.0,-0.10862869725839634,0.26475593161251915,0.25630809749344785,-1.297805212986605,-0.08466693488443099
2.0,0.6216093819689551,0.33509674613655993,-0.019906771648353833,1.4643952145419985,-0.572418445456974
2.0,0.9251434676715954,-0.07441784526995619,-0.870996344367126,-0.12614304026951673,0.36482202960780996
2.0,-0.7632227583413803,0.7807915274170386,1.265499495812205,1.116497776756627,1.843235782898432
2.0,0.17999525008217626,2.479259489981286,2.2124978323020525,-0.9945036375489746,2.3906336750322796
1.0,-0.30265688987552575,-0.9423506841052305,-0.8723098273788589,-0.48521526146663435,-0.2317019449313711
1.0,0.8644732290750086,1.9101370631346968,-1.316212181893203,-0.01814960998390096,-0.30200754029903276
0.0,-0.3903902575565155,0.16521404972925136,-0.19635051831065664,0.87931172513797,-0.1446935066316693
0.0,0.4164781266813604,0.20374155644286462,-1.0628039236488187,1.0006011123250427,-0.1038582295505366
0.0,2.381705663823425,0.134880160116915,-0.3068899754858011,0.8052630752060077,1.0249336360209913
0.0,0.963415547854811,0.12314253818225994,1.1313361486808085,-0.7761982721511891,-0.37666078793818053
2.0,-0.45232946875635865,2.506037349626581,-0.07879692531040582,-0.4612638158154908,0.07359174263843068
0.0,0.18445109981067118,-0.01188809573327203,-0.3165522212399188,-0.19361192137823094,0.22652356202059507
2.0,-1.2120706539899277,0.18621118663752956,-0.7947022505023803,0.7256528184805688,-1.0642135216461477
0.0,0.6540778288716477,-0.5503162606712563,0.20233530492437699,0.7866097677926693,1.688952862258844
0.0,0.7050410189132501,0.028009462136197996,-1.4139575562345743,-0.08590292899664541,-0.8216125719283393
2.0,-0.27374554127440126,0.33864182000110715,-0.041321873153495836,-1.5044752631339215,0.40493647878029615
0.0,1.067501796743097,-0.11410195101751912,0.31563888124048817,-0.5245675682822257,1.287294755830944
1.0,1.6087581291653126,-0.5308036292958769,0.7374455375541339,1.5460892889903344,-0.14715866039303613
0.0,-0.6246803616936323,-0.7386143687039537,0.055872239991563204,-0.568426903425367,-0.4590013898054834
2.0,-1.1236754075306408,0.31871376071518115,0.3700497685354139,-0.7249377634503611,-0.9047048970033207
2.0,-2.8193212595716637,0.05856788994380735,0.014233857833256255,0.5122377144890919,-0.2865665844476647
0.0,-0.32086955090527675,-0.9203941155506469,0.6449128721118179,1.4001034796521146,-0.09427057515863457
0.0,0.978777041033464,0.9299016279082938,-1.4309695655767996,-0.7718361081193507,0.47763198247141847
1.0,-0.07381258821658508,-1.378473868112402,0.43420135608368143,0.2551482630370771,0.015423037637045684
2.0,-0.9307142743752664,2.0649086369012477,-0.2910124608327522,0.6939221837116383,1.1901996702494126
2.0,-0.8572629524573667,0.40603577875418456,-0.7361752820188352,-0.8750589009435066,3.483433177128222
0.0,-1.024603332797656,-1.003182689698267,0.33379545979971864,-0.2881966264465841,-0.6865998240146143
2.0,-0.5774540778265511,-0.5011217245834574,0.7414260627383603,-0.21649027321087777,1.6998423720396094
2.0,-2.2710453238071766,-0.5089638147716001,1.3944934513800298,-0.161106038683856,0.9592586868608814
0.0,-0.6077611676500817,-0.9383180764058989,1.0291556341125327,0.010425698730845178,-0.2004640351654915
2.0,-1.3403289415734418,1.6722978739593994,-0.16988138992033386,-1.1017262935355647,0.7504887500661551
2.0,-0.05056121146610036,1.2259944030889545,-0.664278754817372,1.9974391468081896,0.014103750024262285
1.0,1.5049127697193097,0.07271057911116674,-1.7126013891382943,-0.592093762479724,-0.6484295908802978
0.0,-0.5996589715745073,0.8564440679221752,-1.2380409796148508,0.33361522554191625,1.1555113189687005
1.0,-1.3481642930419326,-0.9293501053185237,-1.0529622231657199,-0.30978002591875714,-0.327694540025403
1.0,0.648901763363319,1.2930271686228991,-0.7656428791864163,0.5074023637967491,-1.8504726456280005
2.0,-0.352906421272173,-0.5764164098324027,1.6133795248824114,0.44439883665685825,0.4080966737527759
1.0,1.592662553242406,0.7800590001254711,-0.12131431222009063,0.8324081095855907,-0.09579744445977156
0.0,0.10107154377489944,0.010961594748360632,-0.08472332249363383,0.586328187271364,0.2572846785400317
2.0,0.06415001996244171,0.9541727835388857,-1.555051630985702,0.9156009663027371,-0.8704311986220867
1.0,-0.008078226682106735,-0.4117418535711957,-1.7465393197721981,0.46827543992904896,-1.1309898270109033
1.0,0.5416160284223643,1.2717207090164906,-1.0119053464652088,-0.013198313087113845,1.2506398177278737
2.0,-0.23623577916403665,0.358749071889283,-0.9424018948430669,1.8766767738178722,0.5921163650797039
2.0,-1.542119502065036,3.8835201340585996,1.3813841615384088,-0.12178015472040307,1.3352363619654293
