1.0,-0.1026163051681222,-1.0003518453739868,-0.3671600461280377,-1.0492014747460996,0.05124621390862199
2.0,-1.464782669983243,-0.5875919461605505,-1.0945525786682508,0.5489573466355894,0.020618921107119395
1.0,-0.6882673906977047,-2.0560282403390713,-0.35104386645244,0.770405376567116,0.21263055939436323
1.0,-0.5194897795323657,-1.2964636531548244,1.3190753435794906,-1.240375912211629,-0.3093328404134214
0.0,0.41767149225182754,-1.3016132183434994,-0.2604873947104907,1.2300747729031443,0.932352043726101
0.0,-1.320338032662524,-1.0245753776623792,-0.03731580152013385,0.968702504836166,-0.9932871410642001
0.0,-0.6020099238456679,-0.6866941537553531,0.5641174985352072,-0.697740348052637,0.3636628362609533
0.0,3.5699408977181823,-0.57879328597669,0.847551718688921,0.8948129000085696,0.5553015307340985
2.0,-0.3343677562581065,-0.8122722675507742,-1.4042650247935233,-1.6517765471755157,-0.482331576682763
0.0,0.46619708147260897,1.3885657238288436,-0.048721271140338016,1.0208621818076034,-1.0705542135805535
2.0,-0.9163994689261795,-0.7052493178865212,1.08901068657079,0.15623339950104126,0.342634111509584
0.0,1.0088585759429727,-0.6133020470479725,1.0351631776533385,-0.18513311446392336,-0.03907680814593212
1.0,1.0404539588491937,-0.3096081787225023,0.5671282731039156,-1.1769994997454027,-0.9940721538690073
2.0,-1.641323900685773,0.8907215171039404,-0.1355639403568381,2.3001446776037775,-0.6890780378703113
1.0,1.370510961291741,-1.3084000095664632,0.7830960729102927,-0.7609864615266929,0.5734042308392527
2.0,0.8661751706825894,-0.11936611220012529,-0.49075281518460434,0.1701721283129398,0.6692972773019521
0.0,-2.2403302948702946,-0.5277169091949294,0.13078306033673226,2.2891136101159844,0.08718467391139287
2.0,0.5368773538021366,1.4962195648772976,-1.0987163826864181,1.6946872434549003,1.7145261054381846
1.0,2.1155026878368637,-0.0710498180706989,1.5293706708664496,0.2097479678229967,0.23015266034546505
0.0,-0.004182381516982064,-2.4995874091735324,-0.6065402426383506,-0.2001810619234549,0.8109677997481572
1.0,1.193012692889633,-1.2339027933261009,0.026201719364750912,1.2533938947278738,0.6186907954532639
1.0,0.3392997909496759,0.10994143361688466,0.043532621661591143,-0.8083965978048335,0.02924877768341314
2.0,0.13695922657130688,2.0535998570001284,-0.8771196653880895,0.6700827906798592,-2.0980208839449364
0.0,-0.07594627413094437,-0.9687760664903706,0.7786311418176511,-1.6315383659993448,-0.20924507525521874
2.0,-0.5296812838003568,-0.11752938806695663,-0.024669197225583844,0.42626398740109217,-0.3193594243840642
2.0,0.8121649924335452,0.6763057858799228,0.055052738104007064,0.27194769354713727,0.5162107505033667
0.0,0.8842937592205335,0.04633062202098143,1.69433151800476,-1.8840405322282716,1.0943750605462204
0.0,-0.5199030137036702,-0.8203772609546602,0.6175148891467452,-0.14378016125333057,0.41127706150862153
0.0,0.13070003739264974,0.18167530795217018,-0.6076207073843122,1.847852154835156,-1.1434807708768453
1.0,0.7822316642035916,-1.1169032607121667,1.5157904243470517,-1.054010888299926,-0.2991135104212378
2.0,0.942678653745656,-0.3335410745532678,0.3174842871870222,-0.13199537331129416,0.5653273714849409
0.0,0.3287861840659539,-1.11462381618077,-1.6752169449390888,-0.8210204965909078,0.9265833043098667
0.0,-0.5838542088630029,-0.4294888055599822,1.2609018505612466,0.090708941633827,-0.36623315040700655
1.0,-1.5304790461757165,0.1438976875600915,-0.7034445760791515,0.3210009233998207,0.45907590102403695
2.0,0.7350193423544116,-0.11332127595895085,2.0883143466728065,0.42559855983872863,2.1253814074372994
1.0,0.3168729383059251,-0.8068639153971794,-0.17906121806667183,-0.9251043872322066,0.3210005658067663
0.0,0.44632827012074894,0.11250651513072502,-0.04036800052690543,-0.7159366207190864,0.20120338020212972
2.0,-0.6128937704105333,-1.0822075933800732,0.7108026005574924,0.22083022239180947,0.1336591596164851
2.0,-0.01286403003601324,0.5058578373575616,0.5056445247234798,0.26275136215272293,-0.6151726160955016
1.0,0.9279169450495508,0.841008266440639,2.2958612832680956,-0.46453973087448325,-0.938905694480104
1.0,-0.5374959159217682,1.34387205018025,0.3956981703520706,-1.3487318105570256,-0.9982320321448404
2.0,0.3476666264676703,-0.5071879363625081,-1.4312610071011242,-0.4280702127137472,-0.26954687888706663
2.0,-0.5600583148633623,-0.06178822924121986,0.12943297921074687,-0.2907651482495955,-0.5672447531839596
1.0,0.3133175718441198,0.09953790349844614,-1.003653830532921,-0.5318399575353745,-0.5979381266084456
1.0,-0.2830250164471724,1.883000086108766,1.9355414277563514,-0.11617146971392334,-1.4230325027121913
0.0,2.1037301412708587,-0.21797749110804865,1.1034836370746945,-0.26831963620990823,0.13172068316906663
0.0,-1.8826669952471604,0.43166555489337943,0.4665611513932898,1.6550980682841565,5.2964678061176595
0.0,0.4973802773058702,1.1577788223649612,0.23753681629233847,-0.5569056204165901,-0.34457219719164073
1.0,1.593781673628216,-0.20057315733111206,-1.6448230069984668,0.4458173488851124,0.5551520589302101
1.0,0.8178143525421554,0.1321097011006782,0.9853002235264813,0.3206152123005018,-0.895173661991271
2.0,-0.9843584801694903,0.5825306780815873,-0.2623167715772904,-0.12891273926436606,-0.9957924789829565
1.0,-0.002097458367982931,-0.2316477534671272,0.7775700873874498,-1.1709030792406026,-0.42521014672511687
0.0,0.31207895800010477,0.47869458989338,1.346721373120741,1.9752603991211826,0.04026705025396332
2.0,-3.168812501328059,-0.30949361177204093,-0.5797538148669484,-1.7395736500877401,0.6673379927664654
2.0,-0.4802409614752567,-0.22297272585316613,2.2534245131361117,0.3087567790986036,-0.827417579028383
0.0,0.5998084662400592,-1.332819782695079,-1.938440442019108,0.5683241587688638,-0.2598409906494193
1.0,0.6286082226724624,-0.5333129219770992,-0.9621298172220518,-1.3102677162651883,1.4563312076118349
1.0,-1.6118275087906189,-1.4078999283324327,1.2064427173500705,-1.6993257496780398,2.9566207537326004
0.0,-0.7097042033624412,-0.4853433705265271,2.3461805222508176,0.9638136009186702,-0.5653607788273542
0.0,0.367384138797978,0.26619722869886303,0.005509752630877089,-1.0486694556177876,-1.2325873222475017
2.0,-1.3981046521055387,0.28853366784147383,-0.09687381893312406,-0.5095864015611696,-0.12643955842427929
1.0,0.03660639250600208,-0.3679776068816735,-0.7022364559455926,-0.320012238834186,-0.20902362279156153
2.0,-0.8169844975767026,0.36900856255885667,0.28670425876322625,-0.5173452096546308,-1.1406658844554263
2.0,0.2633893685425782,1.472783036250947,0.2755330736283783,0.05861577007064529,-0.5218199644437043
1.0,-0.5537211716477436,0.7728024348930319,1.4243981935512593,2.23030092051589,-0.869541797880606
1.0,1.759648269968052,-0.5066228012381924,0.4579647958596463,-0.3689742193586089,-0.04814477181475966
2.0,-0.5324502059048584,0.13919862080183756,-0.80710835942738,-0.03840128437340592,0.006451158163879814
0.0,-0.13771096328737598,-1.036582349027981,1.0838121264499943,-1.1251109005352173,0.4863071024511283
0.0,0.9238868910193068,0.49476124630140805,0.24575792788574713,-0.7515324843509513,0.1053584321867476
2.0,-0.07823186350799251,-1.5227980109423516,1.1352253016127969,0.06482231780307733,0.40017749358212057
2.0,-1.108628139795275,1.7353186096637243,0.43451274314927135,2.460749777851736,2.1658106089735925
