0.0,0.8292545231341234,-0.5965792419224342,-0.6657724640436287,0.8474828590650993,-0.29312530803752707
0.0,0.3714893345011981,0.42702970522816874,-0.8371303634885239,-0.5371927017275547,-0.30825414481114066
1.0,0.784964061687409,0.41821397136849103,-1.9640230395776461,-1.0409563555893158,-0.5078579502260195
0.0,1.6815068711711116,0.5062828075830959,1.300482361099043,-2.115248525160226,0.26825896731657595
2.0,-0.7446046758863814,0.7135340721388818,-0.8452986691274791,-0.6914430700428529,-1.3732582306925483
2.0,-0.992195942624563,1.7687415159528261,0.7523962792935337,2.51898434110995,2.747091917479585
0.0,1.7781854289390668,-0.020985152353886878,0.48949884451830494,-0.8944385325714675,-0.40678656404308217
1.0,1.4964784852602224,0.34824317143549816,-0.6893083685652897,0.3361696980776395,-0.7319829072149506
1.0,0.35196039795413886,-0.5460494130749043,1.888813070824321,-0.4471451042292361,0.9976523789952837
0.0,0.011510183617771301,-1.7991672854008047,0.15449633665901513,-0.8192298897195273,-0.4601895278760001
1.0,1.2816185758510026,0.9721012605632517,-1.4228901517536738,1.0096858117606393,0.8704766793014804
2.0,1.711011057948478,0.7398524006667971,1.0502419537548804,-0.09069073347486377,1.0675500384149341
2.0,-0.7167249474670417,-2.1547093094801606,-0.19276370403822077,-0.19373355269980386,0.27136712974645727
1.0,0.18130709050962124,-0.639261985881064,-1.4688940464069642,-0.36217757693778346,-0.8843686763288326
1.0,-0.22576903931103248,-0.3753483912040991,0.9760008214481024,-1.911868690193261,-0.5022240401551605
2.0,0.6051337608553101,1.2206062554661121,0.4685363072496625,-0.006025574051114723,-0.9529418349571347
2.0,-0.7008992077182262,0.8728181043673725,-1.849996525566846,-1.587574466339973,0.6856206054224979
0.0,0.960275626260309,0.12431361818772663,-1.4569846186906343,-0.830163182393478,0.09744246919097006
2.0,-0.3485071714080293,0.2887813555091964,1.0529375389207187,2.1332984138538498,-0.5847462311147382
0.0,1.0056200256745549,-1.5574798237584841,-0.3163217353693222,0.8752490541890086,0.3034181928888906
2.0,-0.5528122135634362,1.1625077289895847,-0.8509910190911862,-2.2348446123636387,-0.635302843333184
2.0,-0.5494058135934711,2.2502696839856333,0.5339241002119175,2.6804689348516137,-1.420316575549094
0.0,-0.4232044404735209,0.4657453717987102,0.2663074373991523,2.2610754262274826,-1.3827109606205947
0.0,0.5190350863447868,-1.311479793354019,-0.35228694764958135,0.012366903737624453,0.08478621633959234
1.0,-0.32348932966499433,0.7022215774309377,-0.15489844047609833,-1.5981028048429087,-0.2484786087221551
1.0,0.3116290841925973,-1.1133731364085944,-0.21427905278628415,-1.226731042993636,0.08894285135700664
0.0,-0.5036226697708789,1.35245504970815,-0.6011863160260581,1.4271157495974078,0.8198165045058381
2.0,1.073373554224577,0.799709099679853,-0.012731492520038358,-1.3064915299597994,-0.3275152517607414
0.0,-0.4626570082734043,-0.3881072731173424,0.23538322194296302,0.533782123205131,-0.23987323379818207
0.0,-0.5536481503711946,0.056398102401975896,0.1769867321284413,1.1435016756970937,-1.8428880985025062
2.0,0.022198995344217556,-0.21393941313830228,1.0378395554237645,-1.364502786721051,-0.5270342898242947
0.0,-0.1391593119232548,-0.7852683897879332,0.440786901599125,0.06076422903743261,-0.21695990056052203
1.0,-0.3073975020567314,-0.9509352699979727,-0.6487935260678694,0.09765679076948207,-0.6644887472523552
0.0,1.353851930760071,-0.21279791817028612,-0.7606825425261944,0.35167295924479464,0.18866341262310715
0.0,1.6154132043832872,-0.7155772050619582,-0.6675729059933169,0.06628158851193552,0.33681318324843385
1.0,0.7233473383091059,1.0745879345289469,-0.22263074177508999,-0.08486267444498827,-0.36757797336186593
1.0,-1.5413455752850325,0.1840171267233755,0.632303305528472,-1.2356825285690058,-1.1491925826108944
0.0,0.002201418296845124,1.0919030608072924,0.4985764840854195,-0.49270672894456663,-0.15145505011419758
2.0,-0.12406244020293468,-0.7214495723730195,1.7990645200269486,-0.04589283551378964,-0.5770938886569383
0.0,-0.48929683688642794,0.5100074526668776,-1.1819390553314024,-0.5125529969395046,-0.5247118323775241
1.0,0.9745050487058181,-0.13097619108534103,-0.3875693376993804,-0.21873194755555675,-0.32634174848833997
1.0,1.0613446203558707,-0.4317854550125994,1.6582461175134982,0.2882428466006625,-0.08091520207204933
0.0,-0.21489898439570848,1.2489069394064136,-1.1242188631443326,-0.5677673804772756,-1.2756878594366794
0.0,-0.9520532655768443,-2.7409665265582603,-0.00651287883038842,0.7182010218826482,0.26438984919855596
2.0,2.0077078730096987,0.5916579874715432,1.4829690725211795,1.4948587764349595,0.38218204843739706
1.0,-0.8198421828967024,1.483203115806653,-0.4554740889934429,-0.17061860401699636,1.402350900834826
2.0,1.4620725876155483,1.3647992279101544,1.5067051381348011,-1.4144919591903775,-0.029480588235614717
2.0,-0.6850201003589867,-0.00035084392182726235,-0.06737527354284517,1.0937383270369527,-0.5508456847376942
2.0,0.9580008285870735,-1.3857855905996468,-0.05660308877635015,1.478286109585969,1.5824598797436344
0.0,1.5314369896582058,-0.4865657073854409,0.7300405396923274,0.9235541244805653,1.50301439587314
1.0,0.244259798124937,0.305518311738403,-0.6132199496116318,0.6853036216691485,-0.4162019496953592
2.0,0.7514004401234061,0.506144913384973,-0.3385349700938621,2.8902123195746348,-1.3925589232520148
1.0,-0.33570316679294043,-0.4551363027737923,-1.1814097532452665,-0.06853558046247342,-0.5115587437210082
0.0,-0.8058069862850706,0.1016550163798374,-0.24415581412977844,2.3608372807735907,3.0603010672435476
1.0,0.816399374921178,0.019624875374593485,0.6512801292232218,0.13795651385640337,0.6932891853553725
1.0,2.245122603785724,0.6424379822813793,0.6315608306126407,1.011954555442417,0.5840569048104783
2.0,-0.45759879466165093,0.3890500848061624,0.03799683367620603,-1.0139911306828004,0.7338982345716678
0.0,1.4362122353425366,-0.9152937548172966,0.9597582394908993,-0.5657261495327737,0.7722760750858672
1.0,0.696758583938524,-1.803255163505944,-0.41606475036109336,0.36467490497386346,0.26640288367460613
2.0,-0.8600165924679213,-0.3695886627362025,-0.6869876170864083,0.6237727487472187,-0.1780001469961628
1.0,-0.290973631229269,-0.8717673065918102,-1.3088428098854348,-0.3149547546691838,0.41093812547519554
2.0,-0.013636152113838645,0.5227866861804065,-0.710022501526576,2.025732077379154,-1.2883318005273712
1.0,-0.2148668797816499,0.43701750597094335,-0.27376387259135204,-0.6174916967141147,-1.573915852805396
2.0,-1.4790951104633938,-0.9006488789598174,0.39752061860121213,0.6057285809767791,0.21984156464617896
2.0,-0.5570178742165536,1.185267106571983,-0.9869032134160618,-0.6920802957623148,-1.513177128328677
1.0,0.06070991100441258,-0.8202833093564234,-1.1030355533844243,-0.40294293346861476,-0.20888241697076812
1.0,-0.1568549610868142,1.1777142911386633,-0.5076140184522114,-0.1225974621682793,-0.9671615391630108
1.0,0.2884729642214752,-1.2645721126868332,1.0770192409899755,0.4816108602401832,-0.08082930353036308
0.0,0.13901936347851632,-0.7790356107855221,-0.4761485677075513,0.749422758383084,-0.4397643940462846
2.0,0.4282387909722147,-1.0806521973840295,-0.4221704443622235,0.5368238765210664,-0.22366900294782735
2.0,-1.1818793173622586,2.3427830847024276,0.11945584448345288,-0.04653510464996914,2.2252468108528496
