0.0,-0.1731493542655837,-0.2841978447655021,0.3998483964004971,0.9364213530589883,-1.0770270675595541
1.0,0.3595485230567831,0.618686946111141,0.24635603152250643,-0.4164735275172817,-1.0111620202891132
2.0,0.041399896854157646,-0.018618444887432275,1.5256081384607127,-1.1905031450750918,1.830232512388671
1.0,-0.2442021241578393,-0.7190908470718106,0.39917240965125483,1.192128457231388,-1.0489082355127801
1.0,-1.351265483010826,-0.7166677963917755,0.12313805690763908,-1.11699855708035,0.21383006878078195
2.0,-0.1718065050862128,-0.6629040932365737,1.1103061712080102,-0.6439666817229882,1.269836289858754
2.0,-1.5897223845317403,1.234100459728437,1.0434384723794763,-0.9287136137562285,-1.4849437480605487
2.0,-0.44375116669733233,-1.5880756180513176,-0.1977957232086242,-0.42565304858621267,-0.02127557703385094
2.0,-2.825551997374765,-0.21855207680191865,0.8208051104037966,2.078298820924759,1.898922909124647
2.0,0.6274368123530261,-1.2172478991678581,1.7254421287316373,1.032587620183225,-0.3441613378487241
0.0,0.2825865451609694,0.0371251496958419,0.853191760273956,-0.027190044439213742,-0.44838531474287535
0.0,0.0753402799348162,0.8941980195562653,0.7304259998202574,1.8045048826521914,1.1515048189966797
0.0,2.002788455043248,-0.7376138195818287,1.1037045820111409,0.15387294420532666,-0.04843254530469852
1.0,-0.28395438278055984,-0.606471442570422,1.300207801624458,1.7714379333191208,-0.26311789893972687
0.0,0.6748140062640527,-0.9108845505536708,0.21093385847448462,0.16633444621767474,-0.10291992546773433
1.0,-1.0450663650960197,-0.41481005564851287,-0.21143455571881312,-0.3157037136402905,-0.9896502822151196
2.0,0.8427897405157802,1.114975945477886,1.0171412264486126,1.324099570467586,-1.5842902240194061
1.0,-0.3869553854253306,-0.6917994502137995,-1.22076798242234,-0.16059543645166904,0.18005467840549383
0.0,1.9933921123773441,-1.181569307995108,-0.6589055063489109,0.18078746041309804,0.3218667277037938
2.0,-1.3674276961428984,3.624528305127441,0.605648717366991,0.8105595293598764,5.058061249021018
2.0,1.8559795590676567,-0.3729848663738127,1.9859528882484914,-0.6930770718783676,0.7719991998896366
0.0,0.35685009844808857,-0.9392673284512363,1.349086295553271,-0.31553359162372147,-0.6815535452269122
0.0,1.4339182667527595,0.061543100624797564,1.2270271655824359,0.9195070054215936,-0.2056196514455454
2.0,-0.3137088410149134,1.0617502481752255,0.9349429828813302,-0.40467559332398395,1.6933133406599385
2.0,-0.5251707427374716,-0.6300912814892876,-2.1094588850332925,1.497387820503652,-0.42029149697390167
0.0,-0.8303969308003861,-0.7505704792905009,0.6498284195844523,1.9789075560203992,-1.110735254068944
1.0,0.3980920917624788,-0.43154378017750644,2.0443295221423416,0.3976830519631731,0.08597220981010008
0.0,0.25549241230489445,0.187865575754415,-1.131995372567761,1.3619136048092744,-0.604832555559774
0.0,1.1152409193301154,0.2877704214564367,0.06208553307305689,0.2344161897281533,0.2947807148059788
0.0,-0.42694619941995443,0.548094555368033,1.0184143999529878,0.5654231329957965,-0.6255112631674521
1.0,-0.3269604042661911,1.6483259056946076,1.4938979084293251,-0.9143505510177772,2.2539211073342136
0.0,0.14668988271025388,0.3840904679775337,0.42969295865103685,0.5579217624019699,0.030755819186728827
0.0,1.3928091737254789,0.4257783793210562,0.5498216671376485,-0.8667680568383374,-0.20632031007187152
0.0,0.2827275624032465,-0.9454373162960829,0.6941162706568331,-0.3399194573558401,-0.5447326379140441
1.0,0.5462943349412208,0.2964572150148284,0.4852681156044808,-0.278414787379226,-0.5440773030919672
1.0,0.16969646212212045,-1.1020907269920432,1.6670942732717378,-0.043290252200975536,-0.09412607554858717
0.0,0.31704155820314744,-0.28598637803326776,0.6121140397053265,0.38487219867915096,-0.6376083404450179
0.0,0.851775973186958,0.4273577419094279,-1.502140397750826,-1.1795622773430157,0.909708285252492
1.0,0.21424190223268233,0.048635331161740486,1.4745826207365877,-1.6686319365646285,-0.9296572765816646
2.0,0.29991514314450374,1.2783315302021163,1.4987503612520732,2.134122034262908,-0.3572316829632979
0.0,-1.277008047937067,-0.8805386874533001,1.7541102060687548,-1.0225149463350838,0.1872747408495773
0.0,0.5240774043310994,-1.1264589458479963,0.42157769868243694,0.39786350910567253,-0.7716796356408956
2.0,-0.4976245420020933,-1.4627950522389637,1.4411059534347108,-0.6897652238949742,0.527678727795508
1.0,-0.5566643207105456,0.8706375424340361,1.1662946492173472,-1.7181646952716523,0.7366085909382111
2.0,-1.0548991722575198,0.19891108988854328,-0.382235274875527,0.40588866957927017,0.9665934085124501
2.0,0.7608625519021556,-0.4773802146460536,0.3265073462701227,1.090209208010278,1.5879406976784138
2.0,-0.41289812824530886,-0.4229193246287687,-0.47782316571441497,0.24452503563767583,-1.167318981047721
0.0,-1.225483623996223,-0.309812837967746,-0.4374030842838113,2.0570618999711123,-1.5703009805547299
1.0,-0.514290217923403,0.10942160544962046,0.6863447260078045,-1.083293380601447,0.188785808786737
2.0,-1.2123204304483952,2.26743300954716,0.9552815003355828,1.9207723742936664,0.9486715370767026
1.0,-1.772618680812958,0.34488494598367897,0.16231480329957124,-1.5389683885529264,0.0751695252924064
0.0,0.7674783157777328,0.10317829140572662,0.9534485420056964,-1.44645595950118,-0.4877258845201608
1.0,-0.5773265672077036,-0.5246697145793554,-0.29465239064791254,0.06559803350673606,0.035579363960340844
1.0,0.9778150767166575,0.4386258223150907,-0.8561763815336396,-0.8505924914412022,1.7696321329171398
2.0,-0.46864338617538664,0.6659900035159829,1.4068648919029725,1.083131647095535,-1.4606447538982394
0.0,-0.514761839650512,0.8733454279969876,0.5259347753920944,-1.4979482446762353,-0.08853061047533652
1.0,0.38781444359723416,-0.7347588190297893,-2.2889392107130644,-0.08323857946241506,0.10301513906374472
2.0,0.8565407316875333,-0.14427443624027259,-0.01663858064677213,0.07852724850214254,1.2063136626946531
1.0,-0.13638543974143064,-0.8587035645833734,-0.5883550870151083,-1.2320134690005278,0.21511560661248494
2.0,0.33056632412595943,0.3332151649837106,-1.1265399400502096,1.23278470913248,-0.9919439355277498
1.0,1.107239197397812,0.235802630564345,-1.5317824477387352,-0.4674867131858845,-0.01352615700414999
2.0,-0.677067129126964,1.5199618172827951,-1.0043179359942853,1.7589048728042571,0.15694107826515297
2.0,0.5893061101986656,-0.2234001577431816,-0.1519084604277209,-0.7144287127676165,-0.767411742151255
1.0,-0.8157653205316117,-1.134530748367954,-0.6651589018161935,0.21231255080768888,0.20984744857576862
1.0,0.918831903066237,0.4988072919526785,0.5953675536510621,0.033324904028059564,-0.42603445252472943
1.0,-0.6074665377027892,-0.9349366136105437,0.395246743047096,-1.2881566125268598,-0.08603208900829763
1.0,-2.006183183025006,-2.016610924733268,-1.4547258877705156,0.9344751615203851,-0.34084753040951316
0.0,0.9956413437073307,-1.0934746298621623,1.0300392509428007,1.9626001104520363,-0.1865028755320107
2.0,0.20940500389155792,-2.2282973081463013,-0.42926559108775364,0.22424338281712583,1.4010624392194346
2.0,-1.6970941222651186,0.7165767885178086,1.5898939833235326,0.6772987065448653,0.5155118214661182
