0.0,1.1245661771929476,0.11319590943900433,0.8240594120684432,-1.8389711026300812,-1.0092904075380755
0.0,-0.8174762691444131,-0.7465708789816545,-0.44932657825677824,-2.450737999922059,0.6952232201189376
1.0,-0.41326128139922913,-1.320444757138651,0.04518091299622997,1.7182442833902418,-1.3357065193260511
0.0,1.135807898057587,0.12244302501340817,0.5653220216019443,-0.7846261126138525,-0.252952460083459
2.0,1.4184958230020184,-1.5267805323254031,0.5085806195347814,0.7593599882480591,0.3498591357778955
2.0,-0.5188791546035533,1.527309756337471,-0.9083403066009189,0.7056318930986345,-1.1001948758585978
0.0,-0.7162356910060568,-0.8342316717172445,-0.7837366758044799,-0.26078348535491735,-0.21884455775820386
1.0,-0.45446962240258476,1.1272075647107869,-1.5800494029443768,-1.2614424876753507,-0.8041084859913576
1.0,1.633649018193384,-0.21032664186770378,0.8486989290760972,-0.8730281359093288,-0.03934417083181822
0.0,1.067931287264136,-0.7362790823955521,0.38335612089099624,-0.015793715537208274,0.5036615620759851
1.0,-0.4606301872024243,0.559096302176477,-0.6690268231699664,1.0158475983297897,-0.8523544755191023
2.0,-0.21674245368812137,0.39537385089046057,0.2916756620937553,0.8307545952775826,0.7171777013257665
2.0,-0.4453236828659812,0.02425381930699712,-0.3769899662235404,-0.49731034089204307,-1.039063268314268
0.0,0.5913470982538235,0.10673968244167312,1.0829835274216733,0.1572669227199793,-1.2012206063973814
1.0,0.7377824843010012,0.8168766556721826,0.2657445087349028,-0.06987307470416826,0.3222727687162395
2.0,-1.0742087752416898,-2.2670055564298823,0.39635311962637976,-0.6294333749045466,0.5475338398108232
2.0,-0.6766230992772755,0.3310783169480589,0.526450139064222,0.3928338230145044,0.23536461605238493
0.0,-0.061542496073752014,1.0073413921410725,0.7761861346013705,-1.85325536184299,-0.6269158263823961
2.0,0.4728766766042016,0.3506253170392548,0.5778784938510293,-0.05739810556825091,0.7038871932974817
0.0,1.5814168483419913,-0.3358045918660033,0.382616055538808,-0.13398577169030917,0.9002666860299842
2.0,0.26278181240845194,-1.3271696319452817,-1.257589231654381,-0.329255263018118,0.08233504939484179
2.0,1.7455481085409033,0.04229417822506924,0.2864921801972018,0.4627981381191955,0.16556102857081503
0.0,-0.03000071771317419,-0.20552853617468328,1.382439331980087,-0.30287378148551874,-0.7889898111804111
0.0,1.5115257269337257,-0.4150298960111056,1.3369187248860253,-1.2329628803045494,0.21784185274844597
1.0,0.04875128782421818,-1.007700888542198,-1.513716721778446,-0.2639000478968576,0.19138114882523355
1.0,0.1309694042357594,-1.0279162085561084,1.367665000310262,-1.0149454270849698,0.9810842193408864
0.0,0.6065702960413496,-0.9080859376405783,0.3798193500236186,-0.24190653513445656,0.2016361063120177
2.0,0.9491067533519887,0.14548565307988287,0.08482153212592337,-0.4460897012648128,0.218188687900658
0.0,-0.09401740383500588,-1.396490396295236,-0.12263022794890709,-0.40339913654928666,-0.22338374270923203
0.0,1.4198943562151658,-0.056947047517402524,0.14953162486188834,0.9567577672101141,-0.1961148803940353
2.0,0.8549921684112223,0.4685470957201507,-1.109184984632335,-1.2453963271468895,0.7989639816585782
0.0,-0.12792631944833552,-0.9453333535461029,-0.7069967530796816,-0.8754216755068457,0.1768241379699273
1.0,-0.2264495206338502,-1.3528260014671327,-0.977525405363499,-0.48700094614129324,0.2180088929831499
0.0,0.831409062135099,-1.2507528212271417,0.3336020663296367,0.15929434090273442,0.635847116198032
0.0,-0.25634055716270027,-0.18731368003029578,-0.23027376227685997,2.588995058605697,-1.3908507578392173
1.0,-2.299926941634036,-1.8287446445149085,-0.8002305120369977,-1.540755903764675,0.3339823619830941
1.0,0.732057331547718,0.18980267475865173,-0.6813601754885574,-0.9692938642123674,0.2185943371914711
0.0,-1.0090241298597589,-0.6132465458399046,-0.49221575628854236,-0.4225400467590246,0.8817672967087109
2.0,-1.053412052369485,1.8851717450880403,-1.6509346237878824,-0.38689698431317726,1.9966517383912712
0.0,0.4899533581691323,1.5453611920117825,-1.2599173884187385,-0.83109414936912,-0.05146928022325901
1.0,0.7248953650288861,0.3759604552919219,-1.3006718875769003,2.01155954876353,-1.1333003778404311
1.0,1.1459865748717515,-0.15292142272319523,0.28212392999970504,2.426457718033062,-0.08159500100146636
0.0,-0.09864047602315112,-0.14454292193048054,-0.09156654711926404,-0.8713305268446226,-1.1069065186776992
0.0,-0.23586640232198663,-0.8881110553759674,-0.22377652420545785,-0.32709119520398183,-0.370011214112969
2.0,-0.5627365900958717,-0.3024703611901453,-0.3267860792592468,0.4552841817143784,-0.8269213190758019
1.0,1.0448274682455967,0.18349452721893564,-1.1160722811431674,-0.27643981420775454,-0.2824683998857698
2.0,-1.0243218224971073,-0.840164356142904,0.3973525574075264,0.17675475609785268,0.48401260051626854
2.0,2.47604693727637,0.9430315204348615,0.792304803992587,-0.30118582386441195,0.8777807024332726
2.0,0.5357820235144084,-0.48053173962927387,-0.09667600928123624,0.4963710314283927,-0.878341499314409
0.0,-0.42324641128400736,-0.39080809061697636,-0.32932075947171535,-0.1963349445933091,-0.7644222880334741
1.0,1.358358788629299,0.05070415607168143,0.39562579046579277,0.08612259384389248,-0.34629622750859496
2.0,-0.1559527456801986,0.2750515737250806,-1.5054583596982263,-0.7701215001199216,0.32299373441288154
1.0,0.22791084203059522,2.0109494962133323,-0.2943952712986135,0.8143260420430096,1.4071329744256507
0.0,-0.7144456376816922,1.024577954488504,0.888984268898804,0.5369415185695541,-1.307146665511594
1.0,0.8413061898657367,-1.073249954512218,0.5361982561165481,-0.24534248755473143,-0.1965145769285248
1.0,1.8223919966973643,-1.5301679082456714,0.3508008995383475,1.6403334688410578,0.17657685805394324
2.0,0.9131445873679223,-0.17988799391023233,1.270376656361868,1.2767888113805155,-0.36690344186568774
0.0,-0.5550168374306923,0.5029583046165702,1.5611216558858496,-1.006700403241172,-0.5158289913438319
1.0,1.589832846793711,0.0630780675663433,0.5598854825550551,-0.5401890525911103,0.731808756369702
2.0,0.24475952825287797,0.8782846515967451,0.9630153678712144,-0.4726489658025085,-1.0788210127495907
1.0,1.0563815366660152,0.2172659943286686,-1.251163488780329,1.6993269183269881,-0.7796775762160173
2.0,-0.894211810752279,0.5482713127578857,0.3566018917000894,2.833691961355663,-0.42616143079425517
1.0,-0.6791808017275229,0.33268747513450186,0.911399172260914,-0.1968514977117663,-1.670141950826534
2.0,-2.0576162896854404,1.7229306430906612,1.1560779051549093,0.6096883315890376,3.8355325762455657
2.0,-0.648130930819292,-0.4843154454314233,-1.133868522466351,0.08429962074960594,0.712186536883637
1.0,-2.896126665263222,-1.2020413663222298,0.09624336726769912,1.3952189156551802,0.1031741277413616
1.0,-0.12955669606373132,-2.291197206851709,-0.8352857292176977,-0.4726149148004427,0.5378728116402223
1.0,-2.619216227802443,-0.6907982723789197,-0.12699559288098777,0.690553547762787,-1.0767206006504804
0.0,0.4386736579640179,-1.042077715277448,-0.2043693672991415,1.2346332400291369,-0.079909536516865
2.0,0.7456899451169625,0.09303942050000696,1.2824576654489424,-0.8354381509818051,-0.029313456637388255
2.0,0.25679023730552614,-0.039567586097549304,0.4837153207900812,-0.8522870452518398,-0.3988737548491153
