2.0,-1.4694569373719535,0.7918606682022941,0.7815847435680768,-0.04940202563702774,-0.607986436145096
0.0,1.1448194963265312,0.9498100429750118,0.40356083716482705,-0.9897238289163516,-0.5998597856862743
2.0,0.9732436577470645,-0.8915179480310758,0.7886942473520665,-0.3018326883841128,0.39062940097293586
1.0,-0.15714861955298276,-0.6659327659139884,-1.5254821535948104,-0.40129342645860255,0.7728646101819883
1.0,-0.9527555689930053,1.3345161324502648,-3.0391791108992527,-0.9715277877131561,-0.4306844504915341
0.0,1.2604897418706282,-1.6416830958138462,0.10374380825818423,-0.5172503651427693,0.7900935045660691
2.0,0.028384824513984566,-0.3620562750224247,0.5059234559067556,3.0635193632686657,0.09973382469856001
1.0,-1.3189637252258672,-2.313884498175031,-1.2757170862015728,1.7832888198643277,0.361789332147816
1.0,1.297144406731015,-0.3915628473210914,1.0662281011670398,1.3763626873752883,-0.034960247173075075
0.0,-0.04783632049158569,-0.8416513258265608,-1.1234459421362153,0.04152910487471358,-0.31573893953622495
0.0,0.03559277067337675,-0.09544264362721824,-0.09159798060731107,-0.7622761035197333,0.6810528945320359
2.0,-1.2431781028431652,0.004665860325993873,-0.8086306456098056,2.7737152008689745,-1.6576395405257422
0.0,0.841353196073079,-0.27445276865772233,0.2334797195924988,0.29917019646299436,-1.028539306659836
0.0,0.09626908908691628,-0.3795316430102025,-1.4722401505540401,-0.6887769788727502,0.8762060822583913
0.0,1.6917118439384622,-1.7727446222403378,-0.850266387337474,-0.9568167706867869,0.8558103237638224
0.0,0.10484904125295294,-0.8204880875879481,0.6729873037269493,1.0391677904434855,-1.2356913790995043
2.0,-1.7680257973708928,-1.4084905272598147,0.632244206239379,1.5348038440045948,0.2866071093411949
0.0,0.3842104915925388,-0.9046395469905943,0.39466966042504525,-0.5508537602491904,-0.0495357066697249
0.0,0.011866497856181714,0.8103081295146531,-0.5055050844600327,0.45893831531962226,-0.27848820719344974
1.0,-0.6436488857590799,-0.006235234612970823,0.35986727978494343,0.16526872668547987,-1.9701032903752589
1.0,0.13571487114186054,1.113198150204416,0.179655382638671,-1.0539452375612905,-1.1740065744845951
2.0,0.26281851008752055,0.3428066763890434,1.2105595151918822,-0.20082805733459033,0.8748787031535848
2.0,0.18235739495642023,1.2702660348473755,1.193457649216063,-1.631362782584567,-0.15664709522478054
2.0,0.29242956742113957,-1.1403604766502138,-0.5918013578337278,-1.992391544049714,-0.012114898815352125
1.0,-0.5956354898555407,0.6120741141637026,-0.7880678130968805,-0.6805422007023528,-1.1986757764515696
0.0,-0.9385333177865118,1.7470258867566426,0.7729514981706502,-1.3899381525632493,-2.0942331256110784
2.0,0.19905135526730677,-0.9536757481346708,-0.9312741820967669,0.552158424214686,0.3357253907072015
0.0,1.4460177342378409,0.15445886217341462,-0.7698395115142935,0.02329139133249519,-0.6183873756868312
2.0,-2.937785881679502,1.1870537229654212,1.4540751564857493,-0.15070286293204413,-1.3544449554875773
2.0,-0.7838914432247353,1.3334313928001087,0.7481771648312994,0.3693599627321026,-1.0887576785007202
0.0,0.04555507714581135,1.957395005623854,1.7228627603643218,0.5152954928646926,-1.4151327002914844
1.0,-1.5184354732847176,-0.7392809330538632,0.5551965602425155,0.21085387135235995,3.5660348349307305
1.0,0.9192276776635728,2.0092451744896755,-1.6922551439606066,0.3231446301553322,0.5678735294951467
1.0,-0.5717458234746139,0.390956765653529,0.7136554258340642,1.0881482198594807,-1.4268360914137
1.0,0.5692951530751182,-0.6378755217230473,-0.9384455188317986,-0.28718100304007815,-0.28993581318692635
0.0,0.41918541847859153,0.35433565354285,-0.5511297893972484,-1.6509327949739274,-0.18951127381188346
0.0,0.08443459880591976,0.6827472884098817,-0.6080528767580028,0.42538117347638416,-0.5646241693385649
1.0,-1.0679997289458298,-0.4194894211222713,-1.1346743705554838,0.2183926315216548,0.015115487994127768
2.0,-0.2653342140661346,-0.31012602084067425,0.20502928831332834,0.03823359139685149,-0.6887354276398496
2.0,-0.39055300072422194,3.0234549710454663,1.0322538389731815,-0.5878099063747958,1.6718476035839582
1.0,-1.4709134990995394,-0.40057788495503327,0.48522773763394567,-1.9651434800804926,-0.10392986360484291
0.0,0.395548481583041,-0.13239904810584194,-0.47111268854803207,0.09666107513883064,0.7349040057961128
2.0,0.5066247783440712,-0.13231347193828893,0.9023670070581788,-0.6387111063407138,-0.631764019686866
0.0,1.5620936824260405,1.2940629713095468,1.8997171225068639,-0.45345393315418,-0.7682129906159388
1.0,-2.6191754839455643,-1.8319439541309386,1.339790528904683,-0.6962121936012989,0.1616795586443416
1.0,-0.23842195419009599,2.054624418578034,-1.9734700641262404,0.2585943551326324,-1.8005411604133772
1.0,-0.9594963768674739,-0.44347019100847634,0.4242232287097858,-1.4751032534434982,-0.28146390160620643
2.0,0.6734979372350227,-0.38361800270835283,-1.6654215566942672,0.28215544949122834,0.16678869719485456
0.0,-0.2876148159622319,-0.5761913935612695,-0.3926772801060476,1.4830821017819844,-0.8943268236004774
2.0,0.30714894656265257,0.26380483384856274,-1.0257954434965608,0.005371349762044637,-0.31043635343830783
0.0,-2.7955096265781023,-1.0320258538475744,-1.8484300432027396,2.3651881893888103,0.8304763956131805
2.0,0.10524039752570875,0.4417662911964795,-1.4898394782868947,3.122613423294937,1.8701885066828114
1.0,-0.21006675371907718,-1.345219948869068,0.8253107865425404,2.13788174442181,0.5384952878331656
1.0,0.011563506438789275,0.25765052328224874,-1.141230299104537,-1.1055833619846946,-0.5783194651653091
1.0,0.012995047450459436,0.16379439564564263,-0.817920034117448,-0.07844432258915593,-1.239898353705572
0.0,0.06906063966045063,-0.36092125705819844,0.6858641853006625,0.5678867402632496,-0.7691894984975709
0.0,-0.2653047904062557,0.6613820981664796,-0.19839241089509926,-0.5674616999805038,-0.9628138415037738
1.0,1.3003518008075095,0.21010382246784975,-1.4048563525679008,-1.047620521744158,-0.617800682994936
2.0,-1.7997303961070132,-2.2968937919868107,0.5273907599799043,-0.08879652135127014,0.4054341171639241
1.0,-1.3562776998316186,-2.3321748341628483,-1.061651475054426,-0.6778544786567082,0.5969884994683554
2.0,-1.8716918059046819,-0.7370953927455405,0.4228970411762758,0.22336770263694,-0.18953056419867345
2.0,1.3933276702429522,0.32591321804075685,0.02251674530776212,-0.3022569217831684,-0.757823005324358
2.0,-1.2820665480556381,0.1555853114875152,1.6381701998810791,-1.291891138354994,-0.4114376114329454
1.0,-0.880129455300283,1.4390108451521102,0.6333614192050437,-0.15861870021535995,-1.6439003560926806
0.0,1.9733882352363135,0.0795754583627484,1.3027223019913416,1.6823776230175482,0.19513282679934388
0.0,2.328302139919314,0.6500114258330456,0.3923227017493157,-0.07686627087522799,0.028327919685064765
0.0,0.8078517167720812,-0.6064095050300449,0.1924919638307963,0.05616089811872417,-0.6100744264741312
1.0,-0.1305134751732188,0.6629592710766173,-1.120655457447745,-0.5662641715542776,0.21170193319729394
2.0,0.8982708289278238,0.30485911285911044,-0.33877311420598777,-0.8315561717597233,0.3427018993958452
2.0,-1.1000960661057544,2.444676466419521,-0.7291769124499625,0.5109262332348419,0.7335994468889343
1.0,0.8648326081770717,0.5642918637355622,0.2630369497392338,-0.7366957956372859,0.012790153046581425
2.0,0.46834762161979243,0.32857875933512926,-0.10355134422410872,-0.6608352039955135,-0.9110839498633598
