2.0,-1.1402109203273685,0.5277836846850311,1.3145332511283583,-0.4221256059912331,2.039777634750763
2.0,-0.44614036516699435,0.38011236095347417,0.2552960024497193,0.9903752897819552,-0.06389414707414938
2.0,0.5349587722781836,-0.16918896540840644,1.7363605585242359,1.0632751435766248,0.7324511051965636
0.0,-1.0285394319629702,0.11658776989207484,0.9265903555296255,-0.5491083456026421,-0.783354318276142
0.0,1.1223549236496273,-0.1185713836928743,0.5138097481870221,-0.038216919640564895,-0.3629791277492933
0.0,-0.09050875378205099,1.064563777254865,-3.2890886008890243,-1.692941676417028,-0.2792509210640217
2.0,0.8769125027244131,0.18019274065288726,-0.8277922617414408,0.6323756671028479,-0.6658121696710587
1.0,-0.7414355285929263,0.11171853070956976,-0.04050722957632209,-0.7436957348667138,-0.11853264025227678
2.0,-1.2468603290243767,0.5733362551592677,1.0131295334969161,-0.11022093576752047,-0.33074040647118264
1.0,0.3096840019409328,0.42650777474348606,0.36865527779645874,0.6363996248798423,-1.3294833089023377
2.0,1.5582926261446797,-0.021425241729143354,0.4552584127090118,0.1497879594844335,-0.4483719726302788
2.0,1.1661566145705815,-0.6526697963141624,-0.4734127764526001,-0.6944278431410117,1.3185606149740858
1.0,0.5529437659941239,-0.1304095146441991,0.7934509140052186,0.21212174271657042,-1.0414494169930795
2.0,-0.7462329502513236,0.3273157666615973,-0.4284872696472839,1.5676523399552091,1.3745281097535846
1.0,0.6396403247185078,-1.803756439963172,-0.0528427882239318,-0.1336312877523979,0.7349834025620816
0.0,-0.7174983466636422,0.566364581504923,-3.3698109034708974,0.93749700318599,0.20139536063724767
0.0,0.8175133754719957,-0.09266879922241456,0.40695702184891763,-0.43564555096154434,1.8001129692980078
0.0,0.4857639722095025,-1.2381816530255654,1.2382338633913663,1.897744539231246,-0.5252019812217222
0.0,-0.6454934876328412,-1.3103013925578622,1.1051397375159564,-2.0065164402596554,0.6164529734078962
0.0,-1.2371502872176021,-0.9845824588727291,-1.0262349983175632,1.228166660839592,0.3109581159065732
2.0,-1.2657954852103666,1.6253682652004395,0.6306597560413312,-0.6949014887347307,-0.17506880133761193
0.0,-0.4276509629232151,0.3694546373681333,0.02952128249400673,1.2148014741169613,-1.5203469963214022
0.0,0.09413575641670008,0.29793935613800404,0.8029187920193709,-0.10373177550344459,1.3471060171083953
2.0,1.063279200806037,0.3970893701076735,-1.0823554539061024,-0.6831660162653928,-1.0072271116393499
1.0,0.5682962281758223,0.7215313880626585,2.028484958977863,-0.9736008957483396,-0.355474364933279
1.0,-1.1584825061181796,0.6130910964691189,1.3923180172435958,-0.93520389776657,-0.5384540647046324
0.0,0.1413868294087531,-1.3672212908916448,-0.7247254989529712,-0.0879819741424422,0.03329410053015477
0.0,1.0263394641958106,-0.054598359737992666,0.45657703738256383,1.2543740111893829,-1.5030611085415453
0.0,1.2750250581204428,0.7020110195612487,-0.42385387130968655,0.7205803971925114,-0.9530368419113632
2.0,-0.7683594893960913,1.2610495981420102,-0.38683807176775165,0.6926288277248255,3.6919350419161003
1.0,0.3238023368794806,0.9136291808315402,-0.008495940931594323,-0.7024174955262786,-0.6974568117816307
1.0,-1.0011584123220056,-0.8951529426111418,1.509884828189116,-0.16933218083162316,-1.06282678554317
0.0,1.0831265796038725,-0.3335401215344337,-1.04324599811037,-0.4305846063266716,-0.427505365877575
2.0,-0.5181170111689462,1.0649562157023271,-0.08413631447729512,0.10315449319418411,0.3718782529209802
1.0,0.48557820283646747,-0.5934938826335385,1.3658650799640524,1.3824320810149555,1.2620061853941058
2.0,0.908490650340904,1.2183333420945814,0.03039439001979005,-0.3126080790751438,0.3485993685927564
1.0,-0.9388974506306275,-0.504679007243694,2.1416517280274165,-0.7987362303746438,0.703055337413754
0.0,2.5913619219790744,-0.42719098319920146,0.12586673775663787,-0.21452788435696246,0.18857861112269822
1.0,-0.9857854672042187,-1.3666687902990795,-0.7800029883177091,-0.3493627934027061,-0.6876723347022055
2.0,1.2385370932828748,0.2538356065096815,1.3609249071824951,-0.9458623305826717,0.45188682114717654
2.0,0.20245289241091208,-0.014241216399604484,-0.9028212707238721,-0.5307073380589082,-0.4358556688882595
1.0,0.5543425536016869,-0.7502919758884704,0.3150532694754394,-0.4533322499453655,-0.4389834245306227
1.0,1.2289042302916091,-0.5271459536005804,-0.2114557829958707,-0.29974845545342543,-0.1920320646095171
0.0,-0.5463570504491517,-0.6881011433124972,-0.03470130614782977,-0.07114697812797077,-1.0867508871445697
1.0,-1.3534988090685274,0.886417296439157,-0.616457741118489,-0.41040249809655444,-1.6487677745838862
2.0,-0.3980314227359721,-0.6805985929944083,0.896160043565807,0.4972706983309821,-0.36656697176988345
2.0,-0.23235139302402993,-0.053823659274414876,0.675633199134824,-0.24326003088508683,0.1518043062357098
2.0,-1.685341760173632,0.3697093877708254,-1.6950680346841605,-1.2972139882544191,1.3085148031646117
1.0,-0.7022068911466506,1.5549231446247918,-2.310994550101111,-0.5553619932369216,-0.6198568935649214
0.0,0.43073002375735125,-0.6001453889116461,0.5755289310074535,-0.2049230911229217,-0.0378724270843371
1.0,-0.5155743329787353,-0.2106520251285786,-0.7963194844693288,-0.5463478233958324,-0.0017928901690527105
0.0,0.3577446950192056,-2.1367473930687955,-0.4202412974259205,1.9415693576615891,1.0208143600861732
1.0,-0.5955076686549394,0.24864759213400417,-0.6233471212994384,-2.026815907830906,-0.17715804791413142
1.0,-1.9102255234489014,-1.6681665681016185,1.3567315335604817,0.6908929572970803,0.020351210145400256
1.0,-1.1030688380452265,1.8532752943998028,-2.4562758017022603,-1.9286632119603286,1.69236596137094
2.0,1.139557039491317,1.2089608234151938,0.6561946500915035,1.9914932403512466,1.3394115067584185
2.0,-0.32115650373417054,-1.0437738132875418,-1.2487117823695302,-0.6377812154094176,0.7139535892301719
0.0,0.16662239978570115,1.9706317789285024,0.2983378116350863,-1.0082526237371046,2.9113676834124385
1.0,-0.5006588471126598,0.8401178881871293,-1.5316566539965377,0.17057373819403943,0.2534879407816168
0.0,0.22978798621644023,-0.7084833417346384,0.6993791005763261,-0.39339352547998535,-0.13065924114313124
2.0,0.7593128793497459,-0.09006312410479128,0.8887985784701199,-0.23590578679318408,0.004453794238592834
1.0,0.4118278998844823,0.5250784423899718,-0.950630579006722,0.4722858197514607,-0.12222778204526481
2.0,-0.01920305311873701,1.053756962122131,-0.17212068718593568,-1.0728644527944535,-1.3940597322112296
2.0,0.5042735964182622,0.03467143879295378,-1.2250931086761168,-0.20514626917817394,0.32261259002722703
1.0,0.8038678495168111,-0.44582845688538336,0.3781297578552988,0.672000481123994,-1.2161425669974197
0.0,1.0539453674607393,1.2682333148855152,-0.9270556497670522,0.3341396865415467,-0.9211720963545224
2.0,0.20284715778723825,0.5124525435503519,0.20572978808535924,-1.2919893336340535,-0.5915327141104223
1.0,-0.5653850500015452,-0.1304567268528892,-0.9207357229684467,-1.3304446391963778,0.7670608243840206
1.0,0.11014741031136017,-0.07814923637618555,-1.0596560970192939,-0.04848118910187443,-1.0734164124674712
0.0,1.7864686165823502,0.43384908043118137,0.5161902765186925,2.2846491720544133,3.2500111386048136
0.0,-0.35583484344694666,-0.4067716648023057,0.8153794140793852,-0.1700017390717598,1.9009240903795
