2.0,-0.8698549529218214,0.6044056946432897,-1.44537955076291,-0.8933085665328738,-0.8260205403506856
1.0,1.8310438310040469,-0.43046165995185776,-0.4825345273677651,0.868508763287101,-0.19710234626330286
2.0,-1.8657129387517193,0.5611213515960842,-0.4167358640987075,-0.46912571269419306,-0.4325814443847263
0.0,-0.25950999892516785,-0.13995216557705314,0.7525096897118501,-0.1551482274246975,-0.0999817448260039
2.0,-0.7783825414835689,-2.001097795660051,-0.991825597366248,-0.3661285342296207,-0.056177077358914716
0.0,2.229493053580656,0.7434888402362904,0.9335475627657998,-1.2963588387865168,-0.17490287605439594
1.0,-0.21308581211899882,2.234717671250329,-1.8884141216618286,-1.9121114495771219,0.2498376690411086
2.0,-1.1040291011671435,0.2962198854630304,0.07720413832537226,0.2962868993265455,0.06174801877144294
1.0,-0.01769614851117897,0.6688881478784001,-0.7308726263104466,1.1982167058192288,-1.4133910224859705
1.0,-1.2775387358716122,-1.0683170458912359,-0.45856076653517913,0.6139224377233854,2.0608596945670317
0.0,-0.6125568700179714,-0.11339920330353426,-0.3703738658321406,-1.1368049971016114,-0.4903681188313793
0.0,0.5997250590530655,0.2992724660597562,-1.163848573447629,0.6289740998842207,-1.1925258899658153
0.0,0.5960985119973513,-1.1341747357537477,0.21236362700861164,0.2000190842499013,0.07800887286569987
0.0,0.6442427266349436,-0.012906468055291923,0.10786621232729417,-1.1950538079069817,0.8308462995426178
0.0,-0.7338445805400127,-1.7927729257140035,-1.5166272849338813,-0.8676097196620276,0.4751874215470242
1.0,-0.5005316216803258,-2.0510798546964017,-0.21771046423338442,0.1662055337427019,0.7757570251902046
2.0,-1.0787921225974333,-0.9334501976969839,-0.8735141888120436,0.07486504802889524,0.22479273613662512
1.0,-1.0530752557694434,-0.6400391416785702,-0.4015272655587225,0.5642829225495098,1.4978691847805934
0.0,-0.3508555673628707,-0.020097817533997153,-0.6780019270688254,-0.7440451962221392,-0.7624708653680313
0.0,0.2696680984389383,0.8719306185899864,-1.7831202519616407,0.7421495142006186,-0.1950834266589839
1.0,-0.9575373428449575,0.82115869263885,-0.045552166386800735,-0.4862000989354006,0.004380998037483091
0.0,-1.0025617443664097,-2.1638103787907808,-0.2709221612723798,0.4497680601059904,0.21303053908879135
0.0,0.8933299378169283,-0.5218342708792834,-0.5558204299685812,0.7493539518514327,0.21316810389138305
2.0,-0.4281868973686219,-0.17478289098672947,1.4371021894230156,-0.939088229332601,-0.03918973704918538
1.0,-0.48493610930006603,-1.5259023830701663,0.3448523759530193,-0.11914706826920386,0.3040177199366578
1.0,-0.5554356745237201,0.09963477366837513,0.5049325523764954,-2.1765294360590977,-0.8501449580823883
2.0,-0.5577443231643985,1.6336834820119035,-0.028141161667394336,-0.02881130500080769,0.07473648433728833
2.0,1.0733656353664258,0.20764431772148087,1.0034074903246792,1.8364592339278034,0.6606901529426943
0.0,-0.4105791208838664,-1.0357339801200733,0.6209156703337514,-1.5739626665860968,1.2289416982155978
2.0,0.7143211634491264,0.20125422130703344,1.262409208945338,-0.6287524533042044,1.1449756606894013
1.0,-0.30579975971474965,-0.7817530313428147,0.8049728509804075,-0.5611292687561102,-0.192883236462944
0.0,-0.9021781989753048,0.19173067237157576,0.7597301999836293,-0.1822459336415578,-2.111059827224898
1.0,0.9641964298683343,0.6850405846944796,-1.3657544566071438,-1.089081085277358,-0.21146872948020023
1.0,-1.0914920829390011,1.1932135811997053,-0.04324412858809123,-0.03388398065842394,1.405461213320051
2.0,-0.5010069375963057,-0.2445743095158673,-0.7452266846112393,1.3295323698257742,-0.1918218475192335
1.0,-0.5247901539466251,-0.6169717847545814,0.6949614086181799,0.8708279627094067,-0.7822068522982936
0.0,0.5344982635969793,-0.583881644648972,0.9051589600832222,-1.0105461635765196,0.09501030892180892
1.0,-0.4314290878525931,-1.493114644006484,-1.4695635722052667,-0.821814557432689,1.7484523648543902
0.0,-0.23143670992657042,-0.10405173130448464,-0.997434222026889,2.221775451806208,0.008568101929894694
1.0,0.90747437868839,-0.07437233275071065,-0.41399012478149577,-0.722735362062656,0.0930910905582488
2.0,-0.19696450206331495,1.3809693584453728,-0.44401363110745634,0.06267274989559876,-0.649960337317765
1.0,-0.9982051031208861,1.512086965488042,-2.897571872372282,0.11378525826108453,1.1861565233269742
1.0,-0.6251462076782917,0.41983538467019216,0.16006814553305285,1.8703717256440966,-0.33802042283269257
0.0,-1.8447385666039837,-0.4679007139727684,-0.5901036340827309,2.5215193501316353,1.82296515948546
1.0,-0.3011173997501841,-0.5325166076461914,-2.603645323124207,-1.0730014986750098,0.4765337339730362
1.0,1.1828421722458653,0.6471681952326505,0.028977421979247766,0.785872660666009,-0.8053355801892497
2.0,-2.676791827748896,-0.045777318403655044,0.1218695185210564,1.2488047233900461,0.4586579129181097
2.0,-1.8460960627142984,1.4732361641543705,2.48431876253549,0.5351300001785174,1.6482303024646998
2.0,0.3614394896661791,-0.2007399791838767,-0.7102855802426943,1.2857632771709673,-0.44907229927886344
2.0,-0.24834074419630728,1.1499331644309656,0.5417657105134261,-0.826056446625888,-0.6961334802517621
0.0,-1.195800602357065,-0.32324066409810204,0.5366832663854977,0.4859630509281175,-1.1345484467827107
1.0,-0.22099794146662338,-0.3627813585332475,0.7350935789189706,0.08913134740211962,-0.8201184046299661
0.0,2.007384640632875,-0.7956653360808881,-0.008535114070588042,0.5892933404191828,1.223275822105677
2.0,0.49028117866968657,0.5542967966065971,-0.17698577180062453,0.6483873886832089,0.2216738162544619
2.0,-0.7316935040341306,-0.5755613056938077,-0.43987247849001687,-1.3233615608719242,-0.022369918229157036
1.0,0.3639412664158965,2.1485935466462753,-2.1663192095492447,-1.0770300326991467,0.1820237452931512
0.0,1.1533905456380737,0.15346334643764808,-0.382842018357227,-0.3237356040065005,-0.8909770936433815
1.0,-0.5491183615129893,-0.601351904656891,0.9820860578616095,-1.037882239737,-0.38806141609414746
1.0,0.3189060257406316,-0.6952085204663724,-1.4424776190755573,0.13572083064255186,-0.1538769900187542
0.0,-0.7249846562292812,-0.5096858282915053,0.28659774675497024,-0.8598517373613145,-0.42674629196117303
0.0,0.12136193099024994,1.3003959487619225,-0.3443521642018757,-0.34463051257554017,-0.15511442620245217
0.0,-0.27203467741168547,-1.4672630305595997,1.1625528966785044,0.8141226912966093,-0.3303841543784619
2.0,-0.6638200232999414,-0.25520842578866226,-0.7359463156221903,-0.2962845731203754,-0.1259573868410792
2.0,0.5789039140071106,0.7765321108864537,-0.7158116592408439,-0.3775372994682211,-0.775424966461696
1.0,-2.017075025460247,-1.2219102339981112,-0.1352884132072665,0.5741408274266742,-0.3797192989009204
2.0,-1.5004078685012572,-0.3980925806801853,-1.4141083007275634,1.2384238273654382,-1.105866958982319
0.0,0.18188477746811346,-1.2361443984009604,-1.208714272402581,0.13581372914211146,0.18978302789908283
0.0,0.4767110030267413,1.0513963830753317,-0.08785420339359384,-0.6633887957164835,-1.1309044369929948
2.0,-2.2577725221527305,-1.3472101704913424,0.4216467990704299,1.0929954366117935,0.6929563376196598
2.0,-0.20995500639471676,0.12070686349081634,-0.31962159231192877,1.2631207347485525,0.2688961836862785
2.0,1.2199914337917424,0.5207418508827482,-1.1722927488851562,-1.101882449551227,0.7851553420722499
2.0,-0.35532141335659123,-0.020548850964819256,-0.9486575671347519,0.8395105143567713,0.3353514157002936
