2.0,-0.38958066742044606,0.5660777111505785,0.6436598832624357,0.1708774433559621,-1.7125465480666624
0.0,-0.5785105444209322,0.4414960213938547,-0.4712184725152101,0.1074455572061006,-1.2332471856724116
2.0,-0.8129567935002009,1.8699489947314374,-0.7648738771850131,0.6037567095340484,0.7874347503640325
2.0,-1.1333638024837656,2.557598019417509,-0.8103587412729155,0.5981083036104708,3.308774673120678
1.0,-0.016808864109435145,1.2520382202532943,-1.2566969393952236,0.11509454174559566,0.828966981829115
2.0,-0.0769322810713792,-0.7630687439366681,-2.0458820017232884,0.2627096638706131,1.58764358208497
2.0,-0.863652454381139,-1.4577131970179493,0.7933764096916934,-0.7659411103630505,0.3041002305615266
0.0,-0.3054366176015483,1.727546690903071,-0.4260344361444182,2.0685541878909444,-0.07279039738749245
2.0,-0.779043674795796,0.2867526116905329,0.08012536364428822,-1.1139718800388798,0.8595389257209889
0.0,2.3031446982653967,-0.25272393747911287,0.54360302869664,0.9279596134901843,0.09786494458217693
1.0,-1.4311256376269381,1.5950874507482313,-1.468856578271097,-0.20912172470619825,-1.6457893987181496
1.0,-1.054413191162049,-1.9441261525487459,1.025390179443578,-2.2187154687276793,0.8897110855976997
2.0,-0.4120543421746845,2.5671252349043683,2.030068012543643,0.03121220125673247,3.3011518141165195
1.0,-1.3902319465578088,0.1567736605380314,0.4519916605249867,0.8861670513867669,-1.629861577767508
1.0,-0.6811559946681407,0.35598756584137836,1.4352476278437862,0.8998879962771201,-0.5347039362023692
0.0,1.414646611544573,0.04141689067824155,-0.9058920362932508,-1.3061347020570038,0.32661769815621083
2.0,-0.32278812209005325,-0.8086299848245476,0.06833135370086564,-0.24645592934040664,0.04458271087480882
0.0,0.4246326437607646,1.0115421827262985,0.723902039999289,0.15667219970848983,0.5097675271214654
2.0,-0.705266386143771,-0.405433051348459,0.8806216353885302,1.0733337663991227,0.7664423309324906
0.0,-0.710243748517225,0.31660636967986533,-0.4125466113185373,-0.5886670883881353,0.5318800563808375
2.0,-0.7353356887206132,-0.3034143392020619,-0.7414860130173488,0.9432644208173416,-0.42161364453966166
0.0,1.7655929042856175,-0.15546334893127073,0.05987501785144139,0.4610074104184383,-0.15092512060762406
2.0,-1.734257027661636,0.8708159617376745,0.7552157139316699,4.057158909085372,-0.2872087772963338
0.0,-1.3196087529436609,-1.608119343594702,-0.6856212020714372,-1.153352065905632,0.4795098769465598
0.0,0.22045946460247362,-0.002982009044483638,0.28517657278261693,-0.15409076468568603,-1.2156527849546896
0.0,0.7749134070559662,0.9829394273841464,-1.1685553710646974,-1.0563162256042853,-1.0278200705551048
1.0,0.6251151801825151,-0.5770442697905608,0.9115894590000141,-0.29393591757107057,-0.42440504352385944
0.0,0.1828725247869688,0.07783283793508321,-0.30605756325792005,-0.20221086606163055,-1.3081282928915186
1.0,1.0540370606973335,-0.38186458160033904,0.8538538040427318,0.1023063669948182,-0.3735901351992796
2.0,0.4936850970152707,1.0817177372772637,-1.7048656238734754,-0.38020534485905666,-0.6868571371728766
1.0,-0.5069288006223429,-0.8860516702593529,-0.6837055989298244,-1.4179392500421961,4.519213586948056
0.0,-0.03834949853728026,-0.9962197347084576,-0.583729901523573,-0.1884829576450737,0.2833035665832846
2.0,0.5090181757028428,0.26774378291020884,-0.2569462218505664,0.386676806223741,0.39602398668925926
2.0,0.09727195995435904,0.49950556864770507,1.750527862498901,-0.6897139967017893,-0.5565372532862172
1.0,0.26579982027253607,-0.371607762815772,1.6791518507651015,-0.5336437349850122,-0.4856543366501037
0.0,1.5998830434166322,1.994260072476246,-0.6556257862436015,0.3966946756672222,-1.3288776030539227
2.0,0.38983849905483176,-0.22022451870820348,-0.2483757865721575,0.32579078822785684,0.10255140621272388
2.0,-0.8866964994809502,1.365929300898414,3.35120459953293,0.4324099969744941,-0.5136363722418005
0.0,2.018465778628935,0.49657729741480083,1.6872222458561028,-1.2313526000309962,0.4048065532037791
0.0,0.7797768245654808,0.3050884036493691,1.4197572040770914,0.8943307215338576,-0.432782191773946
1.0,1.19307782784333,-0.7291777552558393,0.9130067314159798,0.41744454610525505,-0.384616441216993
2.0,1.6488240989087795,1.0399109786655445,-1.77482580385154,0.45543708870821215,0.6627857250590697
0.0,2.088521991924763,-0.7898136846595158,0.22867658169080646,0.9316502677621561,-0.09140740676719694
1.0,0.4852278928863488,0.6075244024307253,0.6288196625822451,-0.7654835588569788,-1.2110760302301227
2.0,-1.61310995842538,-0.5351569964571194,1.6233309327333412,-1.407473839324681,0.2947901703111677
1.0,0.3850255203622342,-0.42431457021716423,-0.893863547604323,1.2212363818752283,-0.08359594122479581
2.0,-1.6233340709030748,1.069219546615536,0.17797355851789978,0.42485599006624675,0.6184440172889223
2.0,-1.311653930940123,0.9518631891694866,1.3457292062223538,-0.38183052624156577,-0.2465182817127333
0.0,2.1878716435345074,-1.7741463856874347,-0.6627798782227643,0.6861118030000756,1.493868785806334
0.0,1.2724910608412574,-0.5304346359835443,-0.1502230788101072,-0.6741282480998285,0.8604088876339379
1.0,0.11242710998423518,1.0011167449144713,-2.2077400058100363,-1.3795617583251245,0.28622753801840073
2.0,0.08174310895655723,-0.4878919242495746,0.7727716867354091,2.4287180735505793,-0.19626722870396213
1.0,-1.4757688784804162,-0.18292337390787428,1.3534463561461478,-0.6347500714195253,-0.0007647031487851298
2.0,0.7525537690511698,-0.8406471050170254,-0.11335924767635078,0.45001466008729823,0.49441784034110997
0.0,-0.7225955539729161,-2.300299504047905,-0.8614436961005314,-0.20860865927630687,0.396340187036456
1.0,0.3562226376697778,0.5061191504934114,1.049111969532183,1.6608211182712578,0.003798143683337584
2.0,-1.3459554018873277,1.9483834439406427,-0.9301658056499758,-0.022536098825928712,0.2871793400567515
1.0,-0.14780715602908273,0.8737184440869444,-0.9463161643692386,-0.42347250238576767,-1.1428367352435203
1.0,0.23223789162950892,0.22866988352833104,0.6076345666902172,-0.09859952650103496,-0.5917244690173195
1.0,-1.6443199120516558,1.0858874445789708,1.2736576316254102,-0.46880022157586004,-0.8419119303214043
0.0,0.8218685663930553,-1.2832089692714224,-1.8609891029449461,-0.39862146382461194,0.1645367526955062
2.0,0.6778670617318522,-0.026126215320593164,1.3074598190035054,0.1820164004473935,-0.10562178137292882
1.0,-0.3411941944312275,0.29011087526951124,0.7107071450276331,0.34126032176404647,-0.9431622167934068
1.0,-0.6941221984389053,-1.3567062620057442,0.1703108329748259,0.9709572167881567,1.1040663400905097
0.0,-0.9713532033673679,1.335706294056261,0.8526946554264337,-1.2061302000508367,-2.22813472565504
1.0,0.14334341974146908,-1.4719823832820265,0.049962344100735835,0.9786187757117115,0.27624060388129074
1.0,0.4614591248278588,1.3390704384541432,-0.6729190544213186,-0.6652263720676318,0.5176504839328189
1.0,0.08562340930354981,0.7676183512931058,-0.18150390305620281,-0.9232159471135193,0.4162192555659088
0.0,-0.1413487800010407,-0.11072705833670601,0.17183871130120215,-0.05477238850784998,-0.7444604314027302
1.0,0.06721750181753555,0.047234461508242766,-1.200273693320439,-0.9214468293196644,0.22119848312609525
0.0,0.6496022268100096,0.9764239599798531,-0.16438950008433137,1.0525666024523614,-0.6611502839651309
0.0,1.2603998055780115,-0.16689362141519543,0.2550310422999452,-0.022279410321645952,-0.22100699093319434
