2.0,0.29464882835257444,-0.06307945988921912,0.36093451931523235,0.6730918067483501,-0.6608563446442433
2.0,-0.9366985560145239,1.6550727042033004,-0.6455767747436011,0.244381850668216,1.8027204579280593
2.0,-0.9830292796466602,1.2380299158659303,-0.07430542030707371,2.174191628168863,2.246080695447459
0.0,1.4246020780330757,-0.7813752077266954,0.9515896064380587,-1.3425691010264293,0.002926776259945545
0.0,-0.7613935745654435,-0.5555591213172332,0.6869595850614341,-0.37380029343556515,-0.5603028582703884
1.0,-2.3828406311966175,-0.16017685169935558,-0.13257488613707716,2.3867979775631367,-0.14861541098657313
1.0,-1.1007258898007342,0.28263193319854035,-0.2047536389822456,-0.40089634897579074,-0.7545372840377205
0.0,1.1893552660483069,-0.4022428959244389,-1.3600944663865036,-0.5339682776717258,-0.49242486898591104
1.0,1.2388767426257468,-0.33093244337251226,-0.07620146615542792,-0.7079961281807372,0.9785789841575401
2.0,0.2187498568910845,0.608661994784258,1.9621556362712074,0.2242040892949774,-0.8552712689841728
1.0,-0.3825698820176973,-0.9331934187824087,1.3758040076079532,0.004630215228410506,-0.396352829604811
2.0,0.1886063363612378,0.03421648087973439,0.8563017921934455,-0.2455066447528239,-0.6003730813131947
0.0,0.23738017802008732,-0.9294968595133702,0.9688646708527072,-1.9534899028000958,0.33394909602970346
1.0,1.1871090095898413,0.2778347936052862,0.05850421193882582,0.416979867656237,-0.807911590066965
1.0,-2.1837070530126996,-1.0831589232055765,-1.6021538915430202,-0.14721394349526373,0.5017548178021843
1.0,0.7917051251324984,-1.53067185709861,-0.1536518599738984,-0.01256737995495526,0.1913774179214093
0.0,1.2971896327564345,1.5584419467016266,-0.054434710271434185,-0.6891631559209217,-1.7647051466124393
2.0,1.2592307174081967,-0.7647835881761271,0.7967113322711676,0.2751228349070578,0.1677923106879583
0.0,-1.6369918710747153,-0.5123322778685776,-1.5654327869774798,-1.204251305598011,0.13153125156927722
1.0,-0.18622975803336414,-0.006890154908693905,-0.38116396156759036,-0.7232222607914687,1.2358478700677513
1.0,-0.7561553777529657,-0.23205746307417946,0.9519378603302601,-0.42869112086176225,-1.702040620816092
0.0,0.9057126836358641,1.182467620613479,-0.23208883861004673,1.8942737782321546,-1.8372691043976876
1.0,0.23603889937787903,-1.784676300497386,0.6635715416161245,0.6097109895083329,-0.12252862989445241
2.0,-1.2731357355283859,0.4750130657854404,0.5322806951853926,0.6666035337589333,-0.3556759841804559
0.0,0.9477873899109133,-0.10043823836731401,-0.2576964940323732,1.3426761639633502,-0.5253790869647171
2.0,-1.043648456307919,1.0732628491952576,0.7247203812815635,-0.9187189268152952,1.0239069179368876
1.0,0.12821642573711725,-0.36705500774585104,0.7854145218527535,-1.7644510640490925,-0.489025110392626
0.0,0.856623217661182,0.03985405900430959,0.4973647379947344,1.1662268935908988,-0.6716246449665764
0.0,-0.5113205370127295,0.37352499894240965,-0.6381704998684898,3.3590101538147947,-1.2068924730139337
1.0,0.5002559042602082,-1.8793778779593004,-0.013188200474074343,0.7681383640898318,0.31718280280652245
0.0,0.23972812881794034,0.059741246407830406,0.9649362504826181,-1.3931312983996582,0.3137248103312374
0.0,-0.6052090169863257,-1.8537867435251303,-0.9597367987842103,-0.7103365387106995,0.7462411829071273
2.0,0.35444393896718185,1.3770859237411102,2.7299221182214053,0.3876146126320383,0.8539516733452874
2.0,-0.9718120203122009,-1.1172225859146725,-1.400273034023103,-0.526565499455034,-0.20347648183932718
1.0,-0.2866423900822216,0.1490567473444409,-0.2541090697968221,-0.47127979266714304,-1.060711074593026
0.0,0.004294052797090336,-0.42587715700109735,-0.47781359337061263,0.22733266621098067,-1.0069975328596559
0.0,-1.2662172930264601,-1.0026793637489397,-0.06709944803579328,-0.19931051393808846,-0.6050004212086476
0.0,0.4026031037752664,0.4661225052715725,-0.5096194050242825,-0.18035470466202122,-1.1975964323470085
1.0,1.3613361549109837,-0.30206172635333445,0.21539334666633492,0.1319011456791584,1.0152070016527628
0.0,-0.6449466821187106,1.2086445905765717,1.0576637226662684,-0.1399991832172332,-0.38003473616655026
2.0,-0.9631065326913556,1.0900845705776763,-0.059845548119866455,1.827126741507249,0.888559127920903
2.0,-0.09034407199067127,0.32315239689196495,-0.610319800583545,-0.020731771856186895,-1.196473776992885
1.0,2.0984515475969223,0.43728653161612424,0.8034712984812885,-0.6229463163213107,0.9524571579065028
2.0,-0.1306095026397935,0.26033337104596765,-0.7033249808658256,-0.18577620436489656,0.49492916316163876
1.0,0.13996016122790844,1.6575198925022203,-1.1205851891821013,0.08623278496035074,1.2011763465634886
2.0,0.04911456915872459,2.2115366180763067,-0.23953971629286283,-0.12876406163880458,-2.3518439925809513
2.0,0.3760210471338374,-0.7187379549628052,0.6958285895034391,0.3567175295942727,-0.7423091552355882
0.0,0.34922699231082077,-0.017110362499142245,0.18566416167954866,0.6406044118372648,0.7810857769379599
2.0,-0.22084865592142078,0.1078486504766098,0.08195358207405228,-1.2155683312087624,0.6546192303881568
0.0,2.353432456957823,0.9202683712004597,0.9347948521551618,0.16408979863346637,-0.07805276383551119
1.0,-1.5149257276928716,-1.9731146347555732,1.3561408420144905,-0.7763511849948199,-0.2754383102990063
2.0,-0.11084537278357255,0.6195722765504159,0.7814558279894984,0.5163944218029161,0.3770478772515348
0.0,-0.9868156484115322,-0.29524927881137886,0.7747688352125561,1.8047749086825369,-1.4973565216725038
1.0,-0.817641520315365,-0.3115669785395772,-0.7334206886804511,-0.729005931847781,1.3604459373574576
0.0,1.5474285885361818,-0.2816642084986514,-2.662549334224473,-0.5871517132407179,0.369978544951302
2.0,-0.3758013304576033,-0.2819737840008228,-1.7704294901685507,0.8105634981380887,-0.322993674494259
2.0,-0.3456528479052987,0.7352210886055237,0.34317149291440974,0.9411656384070076,-0.8430132398116928
1.0,-0.4161548661527023,0.15631470196843258,-0.7789209069752365,0.15316392914730928,-0.7501688632390346
1.0,-0.025355250137292652,-0.1756857883756266,-0.8589569752260958,-1.0792348800410265,-0.25418635810120055
1.0,1.827637150567743,1.1665992492854138,0.7156634233119359,-0.6313923303519434,-0.05243218441341469
2.0,-0.5338197664156104,-2.769697844283317,-0.6646823474105812,-0.7834616485785522,1.1667340944405182
0.0,-0.7073880181602463,-1.1880406794687606,-0.225781714300669,0.08169957410317957,-0.686027768930107
0.0,1.3930702292458053,0.08362322799582927,0.2208624883498305,0.4763996163316708,-0.5016679050820024
0.0,0.998005436685218,-1.1306858897795578,0.5477486404618843,-0.2798127111155862,-0.5167507983088259
2.0,0.2829618210999742,2.1914859110807385,0.4088826651055352,0.0256061020895079,-2.1626038184725953
0.0,-0.10326636051059537,-0.4913291985001872,0.13193303963587907,-0.8349885381417904,-0.7669522244547089
2.0,0.947190306492435,1.2032026225044299,1.9215280848874683,0.3506891867758518,2.149408108412936
2.0,-0.08081705829957782,-0.22368335461991076,-1.028166908250173,0.150321138799429,-1.0492148529458076
2.0,-0.14900800470438713,-0.0031490996109576064,0.4118011377312552,-0.22025245037588523,0.21093067775886046
1.0,-1.9167217934616831,-1.385536127368762,-1.5290178520930777,-0.18473324904585625,-0.4663824596674643
1.0,1.5279195909474108,0.2602330363397696,0.2445836578888246,-1.2848269410557616,-0.766551312029253
