1.0,-0.3187945424282471,-1.1544532944482697,-0.30705586866531,-0.7608347461941742,-0.5159466762917011
1.0,-0.5467020033516817,-0.808808086866061,-1.589170582667054,1.3922315328866113,-0.5971511506137386
2.0,-1.8570576317704437,-0.09975743400894738,2.44716605742267,0.08991797748898342,-0.7425675505354052
2.0,1.9945489625149246,0.15988600975323222,0.4222204518431328,0.7043425331701034,-0.42558281264968817
1.0,0.8490398752343942,-0.8579455829759794,-0.12595864901944073,-1.3563381100419722,0.5130603605993834
0.0,1.469446030390086,-0.33772156638832596,1.2484974266108488,-0.21253217725307197,0.6094927272610408
2.0,-1.9129504456704534,0.8260520380768608,0.7969709128043329,-0.195734114216572,-0.0355345281526412
2.0,-0.22605766782727305,2.433223329914101,-1.6195068838253108,-0.5272366051706567,-0.24052303235476638
2.0,0.48648778331237746,-0.6982421503768015,-0.6195943976839566,-0.9681358842182972,0.059822871245880434
0.0,0.119078592817484,-0.1734031195944801,0.48497802430689063,-1.0227116192565364,-0.5355065959817547
1.0,1.2502417176688958,0.5251595292819758,-1.4589533839471116,1.1423911565554046,-0.8475010745196946
0.0,-0.44480034979466,1.0581580986427952,2.4749867251858135,0.19773188524139082,4.182252014361477
2.0,-0.6997255820896972,-0.2809511791380482,1.4338667001647154,0.48321794792586437,-1.4910861960580293
1.0,1.2646686163962397,-0.18419357513085444,-1.1107130091905637,-0.4616791196844405,-0.23706544308351374
0.0,1.354572307790925,-0.12083085576737031,0.5299289219510285,-0.7311401348344517,-0.12365190145137162
1.0,0.4145463115423682,0.13434008328639405,0.1662267171416086,-0.5466003735301042,-0.7609644025517813
2.0,-0.5624667900892845,0.7126712893598932,-2.27753728560652,-1.0973373899256011,-0.4754030675331431
0.0,1.105144502010846,0.20260115773513657,0.0027027528640894876,0.48565709126827644,0.41202413558090734
0.0,0.28419718007094524,-1.2321474762020324,-0.5261439037954785,-1.0676975691372914,0.5168792421830961
0.0,1.4612850255992633,-0.5249330426066428,-0.9282176413789812,-0.4172652620924448,0.5459849559375577
1.0,1.2689545174945631,1.0802134250534843,-0.9195204325163855,-1.56483222992232,-0.02812967139488223
1.0,0.7782527666535325,0.2750800611924778,0.08897045226466346,0.18463321854004544,-0.7860284259827119
1.0,-0.8330650476082058,1.7877523575806824,-2.360879779786601,-0.9688828424498768,0.13599658810144533
2.0,-0.8866818019114058,-0.46244345058535286,-0.6290178791226884,-0.2808870439826993,-0.4052732646564723
1.0,-0.421623480764596,1.1196337791725202,-0.2022422813053242,-1.9390295294418265,-1.0263810338949866
1.0,-0.3543489009819337,-0.08540910310049656,-1.5588231123035015,0.2807101672203312,-0.19885504968487547
1.0,-0.6348403233889386,-0.4207361495818625,1.5642386626297955,-0.02306598287508231,-0.2548369574187728
1.0,0.14572636643171732,1.4855129962372455,-0.26322116855063016,1.0720081901373635,-1.0422369891103067
0.0,-1.1351280964883113,-0.927831926933242,0.5295707357900438,-1.6196985138767759,0.037975653116555576
2.0,-1.3445077199981559,-1.1359915911628826,0.7864354998035029,-0.5140543394055721,-0.1611255544856277
2.0,-0.4582049086971487,-0.6540564200058323,1.1084994679814526,-0.2660676384633572,-0.5636475879902321
1.0,-0.6464826106427498,1.0572280888238643,-0.3518637150175331,1.0020379771435588,-0.2532280489871472
0.0,-0.4113556656393783,0.8675758416393267,0.7380635940085558,0.4605308495969726,-0.09381915151943354
1.0,0.39225913142527313,-0.9030807275203732,-0.10530896867980588,0.6519759583101586,0.2698556659975442
2.0,-0.2978651713488182,1.5263659693965421,-0.9467925989950183,-0.20782632984318353,0.9209271102080513
0.0,-0.1020617628649086,-0.9252308877389115,-0.3548453838303506,-1.1169309351869,0.4484933612729019
0.0,-1.4405579628475211,-1.5208098842549007,-1.0347061276750307,-0.22806081048072757,0.05432655981954193
2.0,-1.6344681234455645,-0.5181396884421309,0.32335789641643026,1.44766531611023,2.834436514863347
2.0,1.706103513120012,0.2629862061975709,1.7870976566055952,0.6401117856340343,1.4255026031378684
1.0,0.8540861599962035,-0.08219149142883286,-0.20583659316249275,0.6330042201212899,-0.8244011937739318
1.0,0.5529731590820629,-0.4821877669172187,-0.3273411760820502,0.13211808510942555,-0.6383120850101016
2.0,-0.4989754118924811,1.536161128498334,-0.8331082481049406,-0.5951069386998379,-1.0680026874055175
0.0,-1.4309902488360846,0.31600774658620595,-2.2216635823902267,-0.2713111800887735,-0.46243973309046227
0.0,-0.4215813989788566,-2.129964274494338,-1.314043260040684,2.815738642679726,-0.5670830211926945
0.0,2.3231001610126416,0.5074905903519098,0.9455046990578949,0.06361181298057393,0.0024284534076180063
0.0,-2.075477177829747,-1.346769064109053,0.8223678775722627,-1.4239089485444405,-0.42196315785893096
0.0,0.25811922298002205,-0.1545005923724189,0.5504772903565031,0.3521913856603938,-0.09774050172876539
2.0,0.044335333328918244,-0.002464455056907416,0.23112430633710415,-0.863845139091173,0.12226355207707648
1.0,1.0347850943790426,-1.306268074166728,0.019868819985181085,-0.5417913989434261,1.7354885952576171
0.0,-0.008580730274351326,0.18161973050428015,-2.213327845071194,-0.4678954900167596,-0.6276007482306907
2.0,0.10679967478283345,0.4458759628165502,0.7608882946299835,1.1537621072915183,-1.308826095880204
2.0,0.9262875783264006,0.44568371499754283,1.2205741739708569,-1.0640618024278747,-0.05285928059487709
0.0,-0.2434499298017235,-1.9241482287077043,-0.3914776725224969,0.10278891751778388,0.436923341462223
2.0,-0.1117235528360082,0.7143512507923484,-0.4644730980175436,-0.947500270089727,-1.0698549868894094
0.0,-0.036138600510853054,0.3134843881610206,0.2319010032136631,-0.7391675950157663,-1.2459769458472085
2.0,-0.4473082313421137,-0.9095922687344615,0.7813905509800715,-0.5532523528162838,-0.04953412448467821
0.0,-0.9695463429580232,-0.8095431472579254,-1.4181874143889854,0.4668225748463615,0.5000910110553596
1.0,0.5801211267609948,0.11549903705782813,-0.030100123541883878,0.7939756098229577,-1.619781125160954
2.0,0.10638815861221723,0.5554663158337283,0.5839331983026579,-0.3840583139346934,-0.5767220651458692
1.0,-1.0416070164801534,-0.38329158152503706,-0.8687386421390685,1.2189037519798966,-0.3532685371472751
2.0,0.30373003016308836,-0.2660407374643302,0.608224547382386,0.981265818620787,0.36344780918617187
0.0,1.7211273543066452,-1.204617588489133,-0.02391959198066703,-0.5080650800809824,0.9621259354421752
0.0,-0.405090338006888,0.1486324615751745,1.16032645568972,-1.0839831084787066,-0.11434361245808936
0.0,0.3089641052728148,-1.3288101754187134,-0.04213296214653012,0.7003640686229388,-0.0017486971322649683
1.0,-0.08534794436596711,1.0363764267684257,2.3298847244158627,-0.6303475747795731,-0.9771181536471709
2.0,0.5210031040916827,0.028040904462245338,-0.6306204941358744,1.100206428836892,-0.5743590079195879
2.0,-0.5210327710040742,-0.16971960664208197,1.2579655089171662,-0.3485699214397101,-0.800108071210253
2.0,-2.7884169632731726,1.2489975492372503,0.8271796473836676,-2.0903421539966147,-0.603319908224305
1.0,1.3046468822866373,0.16563500235284667,-0.6727672045260963,-0.27083700998610494,-0.0744631651497702
1.0,1.0621512060667904,-0.003333905802494042,1.1987349720999252,0.0991417802175583,-1.013874177006415
