0.0,-0.15075656463053377,0.728874000254731,0.7738695901138082,-1.4577263258021047,0.24798131732782003
0.0,0.5621046945135717,-0.20841042171185173,0.37720343547553253,1.561340248595222,-0.8358565254259215
1.0,-1.1085528400576412,0.8310877117665697,-0.70443692154596,1.9420424226327209,-2.405600073169626
0.0,-0.6163324627796752,0.4968010025287928,0.07138392603699824,-1.6299165373087605,-0.18754230266581434
2.0,0.8722961374019138,0.43056377650135236,-0.3738057415754,0.3057045426726062,1.2665026551307847
1.0,0.1053607303598014,-0.07845189890798376,0.6301511849785509,-0.40015926003642194,-0.5795923800779689
1.0,1.0703370510391435,-0.47168362521244506,1.244437204038974,0.46379342350057595,-0.23229999658320394
2.0,0.034039714716754675,-1.5067241375573432,-0.5586096700273153,-0.5564253346349133,1.327977765459772
0.0,-0.35482052903042116,-0.8348310573942261,-0.5771354392526391,1.241247369881674,1.294019234349794
2.0,-0.6365564737347387,-0.8150895128809138,1.972135001141246,-1.8789190409335108,2.1779030090783533
2.0,0.285061008785632,-0.31351010684767766,-0.20246000712255774,-0.7679781350410445,0.5969840111928212
1.0,0.9828351180849885,-0.8686350288430499,-0.5426818737235374,0.7065719566976432,-0.6944496153065277
2.0,-0.12520675747184423,-0.1944572268268548,-0.178632480339769,0.9761113584649515,-0.8658057337743607
2.0,-0.467013114944008,-0.2836827613939275,0.04075390753347378,-0.26557591061898667,0.8029632554076505
0.0,-0.3084608547852713,-0.8778581451963547,-0.9599134093509638,-0.10631917734598086,-0.971499579152742
1.0,-1.2008758435431792,-0.8506553420009083,0.7984198937521308,0.3727804256763849,-0.6229239334511943
2.0,-1.575934339794392,-0.08458858337126345,-1.2081494723545534,-0.14080152899260912,-0.4828321360346887
1.0,1.0368831718374691,0.34852127973490743,-0.654126517684584,0.6707596027391913,-0.5217928867355067
1.0,-0.5979043762675699,-0.5536006579586393,-0.7893788801311666,-0.6080174159911487,-0.7123762315850544
0.0,-0.15925383543519178,0.2328295986617915,0.3270023610703861,-1.4436819361584108,-1.071719353049045
0.0,0.6063601010735697,-0.09653930973790092,-1.185152519224199,-1.158708251358937,0.005680318081945626
1.0,1.3873513083618356,-1.0064884332808883,-0.07082466529112863,-0.21620548784075452,0.2520396311639777
2.0,-0.3567842735826321,0.605185174215951,0.42052353337177684,0.07618475162935158,-0.3711561701396374
0.0,1.5247984139985713,0.5250194380039794,-0.9105538187713714,-0.7667775016664391,0.20046660226064045
2.0,-2.651050982684435,-0.782579292882771,0.1940992761391648,2.631254038343124,1.1494207655129967
1.0,0.05428198538868615,0.6587935005784588,-0.06814122932051152,-0.5785270166482641,1.6299361593873611
0.0,0.8803678354115404,-0.5990444915929368,-0.4838291320946101,0.5166706180397931,-0.03556259275669297
0.0,-0.8064876361445485,0.48564823991049366,-1.0274200821275432,0.40881852207669644,-1.4716088186277263
1.0,-1.2409258449464506,-1.4437246054267912,-0.46578085600242336,-0.20266798777797926,-0.37217605028130774
1.0,-0.037034914727350994,-1.1081050756160606,-0.4102553716448183,-0.7683057863044309,0.6521821219847297
0.0,0.2746882553050537,-0.8859180950505876,0.2978083062472658,0.36385523548854154,-1.1048135570634323
2.0,-1.7072279138960211,1.0746428040051614,-1.2328269360185546,0.7780880936875555,-0.0013079147127430398
2.0,-0.9931049799469926,0.4655171962938428,-0.32218281992575504,2.207108901125981,-1.6629391241972078
2.0,-1.557692249897538,1.4280328001433842,2.085175394689163,1.7406608351230382,-1.7954990335787044
1.0,-2.0047417420992764,-1.0327176183300504,-0.2958977035194927,1.919074122188104,-1.3571722411801184
0.0,1.0285361510066346,-0.08444711367929511,2.0334861647664617,-2.454605676099669,1.360672654285329
2.0,0.16695374015034833,-0.5503465594865985,0.476743686720694,-0.6411404628845202,-0.14958481811867924
0.0,0.349444258036065,-0.9610594696664109,0.4358797856860957,0.15141517598357476,0.0866191681966449
2.0,-0.04354374849458071,-1.6943838476182143,-0.9188292550827186,0.49570129164583915,-0.20101293169036905
2.0,0.14135586489297997,-0.680573081860983,-0.07048111210103507,-0.6630630668373874,0.660695061471892
1.0,-0.5727180469397946,-0.6126070845505307,-0.2709907130877619,1.3644288795304722,-1.5533222697923699
1.0,-0.43476608785832405,0.06866424720998092,-0.5807055159969587,0.1852708955754568,-0.6525715639069017
1.0,0.24902107872411713,-0.4436213421628722,-2.030575988424578,0.7194160946760472,0.7252371661520884
2.0,0.046182300384345065,0.7199908704318698,0.6422277694785274,0.07724903503984748,-1.271472997837022
0.0,0.40383404013385715,-0.3825870249193647,0.07825691942088797,0.5257914786768266,-0.597493869819148
1.0,0.7829848206278746,-0.5594718026061496,0.5347146183877275,0.9603905604270672,-0.49787646548262504
1.0,0.40183190736200214,-1.8821573434662535,0.255775092010231,-0.29498953055721555,1.0744049444068935
0.0,-1.2398836763981371,-1.663957282648311,-1.0129464291959582,0.864511036939894,-0.23989490717405915
1.0,1.4203300893495772,0.6721538567606107,0.3811667539157178,1.334459751889023,0.8656432981537431
1.0,-1.2123291721373592,-1.0318300593576306,-2.6510695447219335,1.9891739654029188,0.35304114743878995
1.0,0.05501711566753541,-1.2898377699679955,-0.5138545886148614,-0.10245007081350697,-0.2068678221605073
1.0,-0.1650751002590051,0.044059145994867425,0.4471159898571034,0.9603720047466688,-0.024141877021301807
0.0,0.4194218793844663,1.3377428025954639,-0.8301502288235191,-0.6439541744953725,0.17053363973380242
0.0,-1.0383025347867274,-1.6266128398033037,0.1361103453114515,0.8277927153043821,-0.16957215193052896
0.0,-0.2597812301345362,-0.1511288911928799,-0.5679941963967139,-0.5984450955483419,-0.5538682863059571
2.0,-1.1811757350231389,0.8302161522259625,1.9431509323794167,0.6716762622875857,0.4449197207650733
2.0,-0.9556022909953362,0.36632096472370695,-0.7563810141385668,-2.0957860987365344,0.2235365982628393
1.0,-0.8799608078361494,-0.1673094754829108,0.5108906459721887,-1.1656376684920895,-0.7793030435107724
2.0,0.5544047445308379,0.3154685461431531,1.4747671463443794,-0.4762008843261184,-0.11165597872972353
0.0,1.3617780314400443,1.2924741633410954,-1.5097395464205818,0.2643560943748616,-1.1529204023818156
1.0,-0.16342048391025374,-1.9895425717780038,-1.6957734235778534,1.21818751988797,0.5373127049041033
2.0,-0.26059333499193227,-1.836739705319556,-1.5893940858001507,-0.5793498158973045,0.8139588098190983
1.0,-1.5364620743005384,-1.2419358995596015,-0.8654151021752782,0.7328338145655244,-0.7004001804297042
0.0,1.2573726202748818,0.7519913009231656,0.2847417719289744,1.4472064135733507,-0.3679848867773223
0.0,-0.8743528078677186,2.009958327072847,0.389743167679487,1.0005287171830721,5.341989810059189
0.0,-0.8253204988854654,1.1596792092680646,-1.4639209701677165,-0.5715956044980605,0.07612479953256905
2.0,-2.5859955311974607,1.5152785814555283,1.8009668106523338,2.305924168231645,1.701343749660033
2.0,-0.3944224737912537,-0.990234129276159,-1.9304237582977124,0.5734252220088347,-0.3700027873580224
2.0,0.49737868649529654,1.3416200519695312,1.438478095196913,-1.4505198867010811,-0.546584611726738
0.0,-0.3880020061369246,0.23839146047255402,-0.9409689108817423,-0.5112682887787122,-0.23542072239488074
2.0,-0.6884765429769673,-1.733933770265275,-0.29764821465419444,-0.7923045334935376,0.41356931440282535
